/usr/bin/ruby -S rspec spec/classes/polipo_spec.rb --color

polipo
  class without any parameters on Debian
    example at ./spec/classes/polipo_spec.rb:11 (FAILED - 1)
    example at ./spec/classes/polipo_spec.rb:12 (FAILED - 2)
    example at ./spec/classes/polipo_spec.rb:13 (FAILED - 3)
    example at ./spec/classes/polipo_spec.rb:14 (FAILED - 4)
    example at ./spec/classes/polipo_spec.rb:21 (FAILED - 5)
  class without any parameters on RedHat
    example at ./spec/classes/polipo_spec.rb:11 (FAILED - 6)
    example at ./spec/classes/polipo_spec.rb:12 (FAILED - 7)
    example at ./spec/classes/polipo_spec.rb:13 (FAILED - 8)
    example at ./spec/classes/polipo_spec.rb:14 (FAILED - 9)
    example at ./spec/classes/polipo_spec.rb:19 (FAILED - 10)

Failures:

  1) polipo class without any parameters on Debian 
     Failure/Error: it { should create_class('polipo') }
     Puppet::Error:
       Could not find template 'polipo/polipo.conf.erb' at /home/simonp/src/puppet-polipo/spec/fixtures/modules/polipo/manifests/config.pp:24 on node menelas.home.lan
     # /usr/share/ruby/vendor_ruby/puppet/parser/templatewrapper.rb:78:in `file='
     # /usr/share/ruby/vendor_ruby/puppet/parser/functions/template.rb:14:in `block (2 levels) in <top (required)>'
     # /usr/share/ruby/vendor_ruby/puppet/parser/functions/template.rb:8:in `collect'
     # /usr/share/ruby/vendor_ruby/puppet/parser/functions/template.rb:8:in `block in <top (required)>'
     # /usr/share/ruby/vendor_ruby/puppet/parser/functions.rb:146:in `block in newfunction'
     # /usr/share/ruby/vendor_ruby/puppet/parser/ast/function.rb:31:in `evaluate'
     # /usr/share/ruby/vendor_ruby/puppet/parser/ast.rb:62:in `safeevaluate'
     # /usr/share/ruby/vendor_ruby/puppet/parser/ast/resourceparam.rb:16:in `evaluate'
     # /usr/share/ruby/vendor_ruby/puppet/parser/ast.rb:62:in `safeevaluate'
     # /usr/share/ruby/vendor_ruby/puppet/parser/ast/resource.rb:29:in `block (2 levels) in evaluate'
     # /usr/share/ruby/vendor_ruby/puppet/parser/ast/branch.rb:16:in `block in each'
     # /usr/share/ruby/vendor_ruby/puppet/parser/ast/branch.rb:15:in `each'
     # /usr/share/ruby/vendor_ruby/puppet/parser/ast/branch.rb:15:in `each'
     # /usr/share/ruby/vendor_ruby/puppet/parser/ast/resource.rb:28:in `collect'
     # /usr/share/ruby/vendor_ruby/puppet/parser/ast/resource.rb:28:in `block in evaluate'
     # /usr/share/ruby/vendor_ruby/puppet/parser/ast/branch.rb:16:in `block in each'
     # /usr/share/ruby/vendor_ruby/puppet/parser/ast/branch.rb:15:in `each'
     # /usr/share/ruby/vendor_ruby/puppet/parser/ast/branch.rb:15:in `each'
     # /usr/share/ruby/vendor_ruby/puppet/parser/ast/resource.rb:25:in `collect'
     # /usr/share/ruby/vendor_ruby/puppet/parser/ast/resource.rb:25:in `evaluate'
     # /usr/share/ruby/vendor_ruby/puppet/parser/ast.rb:62:in `safeevaluate'
     # /usr/share/ruby/vendor_ruby/puppet/parser/ast/astarray.rb:25:in `block in evaluate'
     # /usr/share/ruby/vendor_ruby/puppet/parser/ast/astarray.rb:20:in `each'
     # /usr/share/ruby/vendor_ruby/puppet/parser/ast/astarray.rb:20:in `evaluate'
     # /usr/share/ruby/vendor_ruby/puppet/parser/ast.rb:62:in `safeevaluate'
     # /usr/share/ruby/vendor_ruby/puppet/resource/type.rb:136:in `evaluate_code'
     # /usr/share/ruby/vendor_ruby/puppet/parser/resource.rb:81:in `evaluate'
     # /usr/share/ruby/vendor_ruby/puppet/parser/compiler.rb:165:in `block in evaluate_classes'
     # /usr/share/ruby/vendor_ruby/puppet/parser/compiler.rb:150:in `each'
     # /usr/share/ruby/vendor_ruby/puppet/parser/compiler.rb:150:in `evaluate_classes'
     # /usr/share/ruby/vendor_ruby/puppet/parser/ast/resource.rb:60:in `block (3 levels) in evaluate'
     # /usr/share/ruby/vendor_ruby/puppet/util/errors.rb:35:in `exceptwrap'
     # /usr/share/ruby/vendor_ruby/puppet/parser/ast/resource.rb:43:in `block (2 levels) in evaluate'
     # /usr/share/ruby/vendor_ruby/puppet/parser/ast/resource.rb:42:in `collect'
     # /usr/share/ruby/vendor_ruby/puppet/parser/ast/resource.rb:42:in `block in evaluate'
     # /usr/share/ruby/vendor_ruby/puppet/parser/ast/branch.rb:16:in `block in each'
     # /usr/share/ruby/vendor_ruby/puppet/parser/ast/branch.rb:15:in `each'
     # /usr/share/ruby/vendor_ruby/puppet/parser/ast/branch.rb:15:in `each'
     # /usr/share/ruby/vendor_ruby/puppet/parser/ast/resource.rb:25:in `collect'
     # /usr/share/ruby/vendor_ruby/puppet/parser/ast/resource.rb:25:in `evaluate'
     # /usr/share/ruby/vendor_ruby/puppet/parser/ast.rb:62:in `safeevaluate'
     # /usr/share/ruby/vendor_ruby/puppet/parser/ast/relationship.rb:14:in `evaluate'
     # /usr/share/ruby/vendor_ruby/puppet/parser/ast.rb:62:in `safeevaluate'
     # /usr/share/ruby/vendor_ruby/puppet/parser/ast/relationship.rb:13:in `evaluate'
     # /usr/share/ruby/vendor_ruby/puppet/parser/ast.rb:62:in `safeevaluate'
     # /usr/share/ruby/vendor_ruby/puppet/parser/ast/relationship.rb:13:in `evaluate'
     # /usr/share/ruby/vendor_ruby/puppet/parser/ast.rb:62:in `safeevaluate'
     # /usr/share/ruby/vendor_ruby/puppet/parser/ast/astarray.rb:25:in `block in evaluate'
     # /usr/share/ruby/vendor_ruby/puppet/parser/ast/astarray.rb:20:in `each'
     # /usr/share/ruby/vendor_ruby/puppet/parser/ast/astarray.rb:20:in `evaluate'
     # /usr/share/ruby/vendor_ruby/puppet/parser/ast.rb:62:in `safeevaluate'
     # /usr/share/ruby/vendor_ruby/puppet/resource/type.rb:136:in `evaluate_code'
     # /usr/share/ruby/vendor_ruby/puppet/parser/resource.rb:81:in `evaluate'
     # /usr/share/ruby/vendor_ruby/puppet/parser/compiler.rb:165:in `block in evaluate_classes'
     # /usr/share/ruby/vendor_ruby/puppet/parser/compiler.rb:150:in `each'
     # /usr/share/ruby/vendor_ruby/puppet/parser/compiler.rb:150:in `evaluate_classes'
     # /usr/share/ruby/vendor_ruby/puppet/parser/functions/include.rb:11:in `block in <top (required)>'
     # /usr/share/ruby/vendor_ruby/puppet/parser/functions.rb:146:in `block in newfunction'
     # /usr/share/ruby/vendor_ruby/puppet/parser/ast/function.rb:31:in `evaluate'
     # /usr/share/ruby/vendor_ruby/puppet/parser/ast.rb:62:in `safeevaluate'
     # /usr/share/ruby/vendor_ruby/puppet/parser/ast/astarray.rb:25:in `block in evaluate'
     # /usr/share/ruby/vendor_ruby/puppet/parser/ast/astarray.rb:20:in `each'
     # /usr/share/ruby/vendor_ruby/puppet/parser/ast/astarray.rb:20:in `evaluate'
     # /usr/share/ruby/vendor_ruby/puppet/parser/ast.rb:62:in `safeevaluate'
     # /usr/share/ruby/vendor_ruby/puppet/resource/type.rb:136:in `evaluate_code'
     # /usr/share/ruby/vendor_ruby/puppet/parser/resource.rb:81:in `evaluate'
     # /usr/share/ruby/vendor_ruby/puppet/parser/compiler.rb:282:in `evaluate_main'
     # /usr/share/ruby/vendor_ruby/puppet/parser/compiler.rb:96:in `compile'
     # /usr/share/ruby/vendor_ruby/puppet/parser/compiler.rb:29:in `compile'
     # /usr/share/ruby/vendor_ruby/puppet/indirector/catalog/compiler.rb:83:in `block in compile'
     # /usr/share/ruby/vendor_ruby/puppet/util.rb:184:in `benchmark'
     # /usr/share/ruby/vendor_ruby/puppet/indirector/catalog/compiler.rb:81:in `compile'
     # /usr/share/ruby/vendor_ruby/puppet/indirector/catalog/compiler.rb:41:in `find'
     # /usr/share/ruby/vendor_ruby/puppet/indirector/indirection.rb:191:in `find'
     # /usr/local/share/gems/gems/rspec-puppet-0.1.6/lib/rspec-puppet/support.rb:24:in `build_catalog_without_cache'
     # /usr/local/share/gems/gems/rspec-puppet-0.1.6/lib/rspec-puppet/support.rb:30:in `build_catalog'
     # /usr/local/share/gems/gems/rspec-puppet-0.1.6/lib/rspec-puppet/example/class_example_group.rb:59:in `catalogue'
     # /usr/local/share/gems/gems/rspec-puppet-0.1.6/lib/rspec-puppet/example/class_example_group.rb:7:in `subject'
     # /usr/local/share/gems/gems/rspec-core-2.14.2/lib/rspec/core/memoized_helpers.rb:68:in `should'
     # ./spec/classes/polipo_spec.rb:11:in `block (4 levels) in <top (required)>'
     # /usr/local/share/gems/gems/rspec-core-2.14.2/lib/rspec/core/example.rb:114:in `instance_eval'
     # /usr/local/share/gems/gems/rspec-core-2.14.2/lib/rspec/core/example.rb:114:in `block in run'
     # /usr/local/share/gems/gems/rspec-core-2.14.2/lib/rspec/core/example.rb:254:in `with_around_each_hooks'
     # /usr/local/share/gems/gems/rspec-core-2.14.2/lib/rspec/core/example.rb:111:in `run'
     # /usr/local/share/gems/gems/rspec-core-2.14.2/lib/rspec/core/example_group.rb:400:in `block in run_examples'
     # /usr/local/share/gems/gems/rspec-core-2.14.2/lib/rspec/core/example_group.rb:396:in `map'
     # /usr/local/share/gems/gems/rspec-core-2.14.2/lib/rspec/core/example_group.rb:396:in `run_examples'
     # /usr/local/share/gems/gems/rspec-core-2.14.2/lib/rspec/core/example_group.rb:381:in `run'
     # /usr/local/share/gems/gems/rspec-core-2.14.2/lib/rspec/core/example_group.rb:382:in `block in run'
     # /usr/local/share/gems/gems/rspec-core-2.14.2/lib/rspec/core/example_group.rb:382:in `map'
     # /usr/local/share/gems/gems/rspec-core-2.14.2/lib/rspec/core/example_group.rb:382:in `run'
     # /usr/local/share/gems/gems/rspec-core-2.14.2/lib/rspec/core/command_line.rb:28:in `block (2 levels) in run'
     # /usr/local/share/gems/gems/rspec-core-2.14.2/lib/rspec/core/command_line.rb:28:in `map'
     # /usr/local/share/gems/gems/rspec-core-2.14.2/lib/rspec/core/command_line.rb:28:in `block in run'
     # /usr/local/share/gems/gems/rspec-core-2.14.2/lib/rspec/core/reporter.rb:58:in `report'
     # /usr/local/share/gems/gems/rspec-core-2.14.2/lib/rspec/core/command_line.rb:25:in `run'
     # /usr/local/share/gems/gems/rspec-core-2.14.2/lib/rspec/core/runner.rb:80:in `run'
     # /usr/local/share/gems/gems/rspec-core-2.14.2/lib/rspec/core/runner.rb:17:in `block in autorun'

  2) polipo class without any parameters on Debian 
     Failure/Error: it { should create_package('polipo') }
     Puppet::Error:
       Could not find template 'polipo/polipo.conf.erb' at /home/simonp/src/puppet-polipo/spec/fixtures/modules/polipo/manifests/config.pp:24 on node menelas.home.lan
     # /usr/share/ruby/vendor_ruby/puppet/parser/templatewrapper.rb:78:in `file='
     # /usr/share/ruby/vendor_ruby/puppet/parser/functions/template.rb:14:in `block (2 levels) in <top (required)>'
     # /usr/share/ruby/vendor_ruby/puppet/parser/functions/template.rb:8:in `collect'
     # /usr/share/ruby/vendor_ruby/puppet/parser/functions/template.rb:8:in `block in <top (required)>'
     # /usr/share/ruby/vendor_ruby/puppet/parser/functions.rb:146:in `block in newfunction'
     # /usr/share/ruby/vendor_ruby/puppet/parser/ast/function.rb:31:in `evaluate'
     # /usr/share/ruby/vendor_ruby/puppet/parser/ast.rb:62:in `safeevaluate'
     # /usr/share/ruby/vendor_ruby/puppet/parser/ast/resourceparam.rb:16:in `evaluate'
     # /usr/share/ruby/vendor_ruby/puppet/parser/ast.rb:62:in `safeevaluate'
     # /usr/share/ruby/vendor_ruby/puppet/parser/ast/resource.rb:29:in `block (2 levels) in evaluate'
     # /usr/share/ruby/vendor_ruby/puppet/parser/ast/branch.rb:16:in `block in each'
     # /usr/share/ruby/vendor_ruby/puppet/parser/ast/branch.rb:15:in `each'
     # /usr/share/ruby/vendor_ruby/puppet/parser/ast/branch.rb:15:in `each'
     # /usr/share/ruby/vendor_ruby/puppet/parser/ast/resource.rb:28:in `collect'
     # /usr/share/ruby/vendor_ruby/puppet/parser/ast/resource.rb:28:in `block in evaluate'
     # /usr/share/ruby/vendor_ruby/puppet/parser/ast/branch.rb:16:in `block in each'
     # /usr/share/ruby/vendor_ruby/puppet/parser/ast/branch.rb:15:in `each'
     # /usr/share/ruby/vendor_ruby/puppet/parser/ast/branch.rb:15:in `each'
     # /usr/share/ruby/vendor_ruby/puppet/parser/ast/resource.rb:25:in `collect'
     # /usr/share/ruby/vendor_ruby/puppet/parser/ast/resource.rb:25:in `evaluate'
     # /usr/share/ruby/vendor_ruby/puppet/parser/ast.rb:62:in `safeevaluate'
     # /usr/share/ruby/vendor_ruby/puppet/parser/ast/astarray.rb:25:in `block in evaluate'
     # /usr/share/ruby/vendor_ruby/puppet/parser/ast/astarray.rb:20:in `each'
     # /usr/share/ruby/vendor_ruby/puppet/parser/ast/astarray.rb:20:in `evaluate'
     # /usr/share/ruby/vendor_ruby/puppet/parser/ast.rb:62:in `safeevaluate'
     # /usr/share/ruby/vendor_ruby/puppet/resource/type.rb:136:in `evaluate_code'
     # /usr/share/ruby/vendor_ruby/puppet/parser/resource.rb:81:in `evaluate'
     # /usr/share/ruby/vendor_ruby/puppet/parser/compiler.rb:165:in `block in evaluate_classes'
     # /usr/share/ruby/vendor_ruby/puppet/parser/compiler.rb:150:in `each'
     # /usr/share/ruby/vendor_ruby/puppet/parser/compiler.rb:150:in `evaluate_classes'
     # /usr/share/ruby/vendor_ruby/puppet/parser/ast/resource.rb:60:in `block (3 levels) in evaluate'
     # /usr/share/ruby/vendor_ruby/puppet/util/errors.rb:35:in `exceptwrap'
     # /usr/share/ruby/vendor_ruby/puppet/parser/ast/resource.rb:43:in `block (2 levels) in evaluate'
     # /usr/share/ruby/vendor_ruby/puppet/parser/ast/resource.rb:42:in `collect'
     # /usr/share/ruby/vendor_ruby/puppet/parser/ast/resource.rb:42:in `block in evaluate'
     # /usr/share/ruby/vendor_ruby/puppet/parser/ast/branch.rb:16:in `block in each'
     # /usr/share/ruby/vendor_ruby/puppet/parser/ast/branch.rb:15:in `each'
     # /usr/share/ruby/vendor_ruby/puppet/parser/ast/branch.rb:15:in `each'
     # /usr/share/ruby/vendor_ruby/puppet/parser/ast/resource.rb:25:in `collect'
     # /usr/share/ruby/vendor_ruby/puppet/parser/ast/resource.rb:25:in `evaluate'
     # /usr/share/ruby/vendor_ruby/puppet/parser/ast.rb:62:in `safeevaluate'
     # /usr/share/ruby/vendor_ruby/puppet/parser/ast/relationship.rb:14:in `evaluate'
     # /usr/share/ruby/vendor_ruby/puppet/parser/ast.rb:62:in `safeevaluate'
     # /usr/share/ruby/vendor_ruby/puppet/parser/ast/relationship.rb:13:in `evaluate'
     # /usr/share/ruby/vendor_ruby/puppet/parser/ast.rb:62:in `safeevaluate'
     # /usr/share/ruby/vendor_ruby/puppet/parser/ast/relationship.rb:13:in `evaluate'
     # /usr/share/ruby/vendor_ruby/puppet/parser/ast.rb:62:in `safeevaluate'
     # /usr/share/ruby/vendor_ruby/puppet/parser/ast/astarray.rb:25:in `block in evaluate'
     # /usr/share/ruby/vendor_ruby/puppet/parser/ast/astarray.rb:20:in `each'
     # /usr/share/ruby/vendor_ruby/puppet/parser/ast/astarray.rb:20:in `evaluate'
     # /usr/share/ruby/vendor_ruby/puppet/parser/ast.rb:62:in `safeevaluate'
     # /usr/share/ruby/vendor_ruby/puppet/resource/type.rb:136:in `evaluate_code'
     # /usr/share/ruby/vendor_ruby/puppet/parser/resource.rb:81:in `evaluate'
     # /usr/share/ruby/vendor_ruby/puppet/parser/compiler.rb:165:in `block in evaluate_classes'
     # /usr/share/ruby/vendor_ruby/puppet/parser/compiler.rb:150:in `each'
     # /usr/share/ruby/vendor_ruby/puppet/parser/compiler.rb:150:in `evaluate_classes'
     # /usr/share/ruby/vendor_ruby/puppet/parser/functions/include.rb:11:in `block in <top (required)>'
     # /usr/share/ruby/vendor_ruby/puppet/parser/functions.rb:146:in `block in newfunction'
     # /usr/share/ruby/vendor_ruby/puppet/parser/ast/function.rb:31:in `evaluate'
     # /usr/share/ruby/vendor_ruby/puppet/parser/ast.rb:62:in `safeevaluate'
     # /usr/share/ruby/vendor_ruby/puppet/parser/ast/astarray.rb:25:in `block in evaluate'
     # /usr/share/ruby/vendor_ruby/puppet/parser/ast/astarray.rb:20:in `each'
     # /usr/share/ruby/vendor_ruby/puppet/parser/ast/astarray.rb:20:in `evaluate'
     # /usr/share/ruby/vendor_ruby/puppet/parser/ast.rb:62:in `safeevaluate'
     # /usr/share/ruby/vendor_ruby/puppet/resource/type.rb:136:in `evaluate_code'
     # /usr/share/ruby/vendor_ruby/puppet/parser/resource.rb:81:in `evaluate'
     # /usr/share/ruby/vendor_ruby/puppet/parser/compiler.rb:282:in `evaluate_main'
     # /usr/share/ruby/vendor_ruby/puppet/parser/compiler.rb:96:in `compile'
     # /usr/share/ruby/vendor_ruby/puppet/parser/compiler.rb:29:in `compile'
     # /usr/share/ruby/vendor_ruby/puppet/indirector/catalog/compiler.rb:83:in `block in compile'
     # /usr/share/ruby/vendor_ruby/puppet/util.rb:184:in `benchmark'
     # /usr/share/ruby/vendor_ruby/puppet/indirector/catalog/compiler.rb:81:in `compile'
     # /usr/share/ruby/vendor_ruby/puppet/indirector/catalog/compiler.rb:41:in `find'
     # /usr/share/ruby/vendor_ruby/puppet/indirector/indirection.rb:191:in `find'
     # /usr/local/share/gems/gems/rspec-puppet-0.1.6/lib/rspec-puppet/support.rb:24:in `build_catalog_without_cache'
     # /usr/local/share/gems/gems/rspec-puppet-0.1.6/lib/rspec-puppet/support.rb:30:in `build_catalog'
     # /usr/local/share/gems/gems/rspec-puppet-0.1.6/lib/rspec-puppet/example/class_example_group.rb:59:in `catalogue'
     # /usr/local/share/gems/gems/rspec-puppet-0.1.6/lib/rspec-puppet/example/class_example_group.rb:7:in `subject'
     # /usr/local/share/gems/gems/rspec-core-2.14.2/lib/rspec/core/memoized_helpers.rb:68:in `should'
     # ./spec/classes/polipo_spec.rb:12:in `block (4 levels) in <top (required)>'
     # /usr/local/share/gems/gems/rspec-core-2.14.2/lib/rspec/core/example.rb:114:in `instance_eval'
     # /usr/local/share/gems/gems/rspec-core-2.14.2/lib/rspec/core/example.rb:114:in `block in run'
     # /usr/local/share/gems/gems/rspec-core-2.14.2/lib/rspec/core/example.rb:254:in `with_around_each_hooks'
     # /usr/local/share/gems/gems/rspec-core-2.14.2/lib/rspec/core/example.rb:111:in `run'
     # /usr/local/share/gems/gems/rspec-core-2.14.2/lib/rspec/core/example_group.rb:400:in `block in run_examples'
     # /usr/local/share/gems/gems/rspec-core-2.14.2/lib/rspec/core/example_group.rb:396:in `map'
     # /usr/local/share/gems/gems/rspec-core-2.14.2/lib/rspec/core/example_group.rb:396:in `run_examples'
     # /usr/local/share/gems/gems/rspec-core-2.14.2/lib/rspec/core/example_group.rb:381:in `run'
     # /usr/local/share/gems/gems/rspec-core-2.14.2/lib/rspec/core/example_group.rb:382:in `block in run'
     # /usr/local/share/gems/gems/rspec-core-2.14.2/lib/rspec/core/example_group.rb:382:in `map'
     # /usr/local/share/gems/gems/rspec-core-2.14.2/lib/rspec/core/example_group.rb:382:in `run'
     # /usr/local/share/gems/gems/rspec-core-2.14.2/lib/rspec/core/command_line.rb:28:in `block (2 levels) in run'
     # /usr/local/share/gems/gems/rspec-core-2.14.2/lib/rspec/core/command_line.rb:28:in `map'
     # /usr/local/share/gems/gems/rspec-core-2.14.2/lib/rspec/core/command_line.rb:28:in `block in run'
     # /usr/local/share/gems/gems/rspec-core-2.14.2/lib/rspec/core/reporter.rb:58:in `report'
     # /usr/local/share/gems/gems/rspec-core-2.14.2/lib/rspec/core/command_line.rb:25:in `run'
     # /usr/local/share/gems/gems/rspec-core-2.14.2/lib/rspec/core/runner.rb:80:in `run'
     # /usr/local/share/gems/gems/rspec-core-2.14.2/lib/rspec/core/runner.rb:17:in `block in autorun'

  3) polipo class without any parameters on Debian 
     Failure/Error: it { should create_file('/etc/polipo.conf') }
     Puppet::Error:
       Could not find template 'polipo/polipo.conf.erb' at /home/simonp/src/puppet-polipo/spec/fixtures/modules/polipo/manifests/config.pp:24 on node menelas.home.lan
     # /usr/share/ruby/vendor_ruby/puppet/parser/templatewrapper.rb:78:in `file='
     # /usr/share/ruby/vendor_ruby/puppet/parser/functions/template.rb:14:in `block (2 levels) in <top (required)>'
     # /usr/share/ruby/vendor_ruby/puppet/parser/functions/template.rb:8:in `collect'
     # /usr/share/ruby/vendor_ruby/puppet/parser/functions/template.rb:8:in `block in <top (required)>'
     # /usr/share/ruby/vendor_ruby/puppet/parser/functions.rb:146:in `block in newfunction'
     # /usr/share/ruby/vendor_ruby/puppet/parser/ast/function.rb:31:in `evaluate'
     # /usr/share/ruby/vendor_ruby/puppet/parser/ast.rb:62:in `safeevaluate'
     # /usr/share/ruby/vendor_ruby/puppet/parser/ast/resourceparam.rb:16:in `evaluate'
     # /usr/share/ruby/vendor_ruby/puppet/parser/ast.rb:62:in `safeevaluate'
     # /usr/share/ruby/vendor_ruby/puppet/parser/ast/resource.rb:29:in `block (2 levels) in evaluate'
     # /usr/share/ruby/vendor_ruby/puppet/parser/ast/branch.rb:16:in `block in each'
     # /usr/share/ruby/vendor_ruby/puppet/parser/ast/branch.rb:15:in `each'
     # /usr/share/ruby/vendor_ruby/puppet/parser/ast/branch.rb:15:in `each'
     # /usr/share/ruby/vendor_ruby/puppet/parser/ast/resource.rb:28:in `collect'
     # /usr/share/ruby/vendor_ruby/puppet/parser/ast/resource.rb:28:in `block in evaluate'
     # /usr/share/ruby/vendor_ruby/puppet/parser/ast/branch.rb:16:in `block in each'
     # /usr/share/ruby/vendor_ruby/puppet/parser/ast/branch.rb:15:in `each'
     # /usr/share/ruby/vendor_ruby/puppet/parser/ast/branch.rb:15:in `each'
     # /usr/share/ruby/vendor_ruby/puppet/parser/ast/resource.rb:25:in `collect'
     # /usr/share/ruby/vendor_ruby/puppet/parser/ast/resource.rb:25:in `evaluate'
     # /usr/share/ruby/vendor_ruby/puppet/parser/ast.rb:62:in `safeevaluate'
     # /usr/share/ruby/vendor_ruby/puppet/parser/ast/astarray.rb:25:in `block in evaluate'
     # /usr/share/ruby/vendor_ruby/puppet/parser/ast/astarray.rb:20:in `each'
     # /usr/share/ruby/vendor_ruby/puppet/parser/ast/astarray.rb:20:in `evaluate'
     # /usr/share/ruby/vendor_ruby/puppet/parser/ast.rb:62:in `safeevaluate'
     # /usr/share/ruby/vendor_ruby/puppet/resource/type.rb:136:in `evaluate_code'
     # /usr/share/ruby/vendor_ruby/puppet/parser/resource.rb:81:in `evaluate'
     # /usr/share/ruby/vendor_ruby/puppet/parser/compiler.rb:165:in `block in evaluate_classes'
     # /usr/share/ruby/vendor_ruby/puppet/parser/compiler.rb:150:in `each'
     # /usr/share/ruby/vendor_ruby/puppet/parser/compiler.rb:150:in `evaluate_classes'
     # /usr/share/ruby/vendor_ruby/puppet/parser/ast/resource.rb:60:in `block (3 levels) in evaluate'
     # /usr/share/ruby/vendor_ruby/puppet/util/errors.rb:35:in `exceptwrap'
     # /usr/share/ruby/vendor_ruby/puppet/parser/ast/resource.rb:43:in `block (2 levels) in evaluate'
     # /usr/share/ruby/vendor_ruby/puppet/parser/ast/resource.rb:42:in `collect'
     # /usr/share/ruby/vendor_ruby/puppet/parser/ast/resource.rb:42:in `block in evaluate'
     # /usr/share/ruby/vendor_ruby/puppet/parser/ast/branch.rb:16:in `block in each'
     # /usr/share/ruby/vendor_ruby/puppet/parser/ast/branch.rb:15:in `each'
     # /usr/share/ruby/vendor_ruby/puppet/parser/ast/branch.rb:15:in `each'
     # /usr/share/ruby/vendor_ruby/puppet/parser/ast/resource.rb:25:in `collect'
     # /usr/share/ruby/vendor_ruby/puppet/parser/ast/resource.rb:25:in `evaluate'
     # /usr/share/ruby/vendor_ruby/puppet/parser/ast.rb:62:in `safeevaluate'
     # /usr/share/ruby/vendor_ruby/puppet/parser/ast/relationship.rb:14:in `evaluate'
     # /usr/share/ruby/vendor_ruby/puppet/parser/ast.rb:62:in `safeevaluate'
     # /usr/share/ruby/vendor_ruby/puppet/parser/ast/relationship.rb:13:in `evaluate'
     # /usr/share/ruby/vendor_ruby/puppet/parser/ast.rb:62:in `safeevaluate'
     # /usr/share/ruby/vendor_ruby/puppet/parser/ast/relationship.rb:13:in `evaluate'
     # /usr/share/ruby/vendor_ruby/puppet/parser/ast.rb:62:in `safeevaluate'
     # /usr/share/ruby/vendor_ruby/puppet/parser/ast/astarray.rb:25:in `block in evaluate'
     # /usr/share/ruby/vendor_ruby/puppet/parser/ast/astarray.rb:20:in `each'
     # /usr/share/ruby/vendor_ruby/puppet/parser/ast/astarray.rb:20:in `evaluate'
     # /usr/share/ruby/vendor_ruby/puppet/parser/ast.rb:62:in `safeevaluate'
     # /usr/share/ruby/vendor_ruby/puppet/resource/type.rb:136:in `evaluate_code'
     # /usr/share/ruby/vendor_ruby/puppet/parser/resource.rb:81:in `evaluate'
     # /usr/share/ruby/vendor_ruby/puppet/parser/compiler.rb:165:in `block in evaluate_classes'
     # /usr/share/ruby/vendor_ruby/puppet/parser/compiler.rb:150:in `each'
     # /usr/share/ruby/vendor_ruby/puppet/parser/compiler.rb:150:in `evaluate_classes'
     # /usr/share/ruby/vendor_ruby/puppet/parser/functions/include.rb:11:in `block in <top (required)>'
     # /usr/share/ruby/vendor_ruby/puppet/parser/functions.rb:146:in `block in newfunction'
     # /usr/share/ruby/vendor_ruby/puppet/parser/ast/function.rb:31:in `evaluate'
     # /usr/share/ruby/vendor_ruby/puppet/parser/ast.rb:62:in `safeevaluate'
     # /usr/share/ruby/vendor_ruby/puppet/parser/ast/astarray.rb:25:in `block in evaluate'
     # /usr/share/ruby/vendor_ruby/puppet/parser/ast/astarray.rb:20:in `each'
     # /usr/share/ruby/vendor_ruby/puppet/parser/ast/astarray.rb:20:in `evaluate'
     # /usr/share/ruby/vendor_ruby/puppet/parser/ast.rb:62:in `safeevaluate'
     # /usr/share/ruby/vendor_ruby/puppet/resource/type.rb:136:in `evaluate_code'
     # /usr/share/ruby/vendor_ruby/puppet/parser/resource.rb:81:in `evaluate'
     # /usr/share/ruby/vendor_ruby/puppet/parser/compiler.rb:282:in `evaluate_main'
     # /usr/share/ruby/vendor_ruby/puppet/parser/compiler.rb:96:in `compile'
     # /usr/share/ruby/vendor_ruby/puppet/parser/compiler.rb:29:in `compile'
     # /usr/share/ruby/vendor_ruby/puppet/indirector/catalog/compiler.rb:83:in `block in compile'
     # /usr/share/ruby/vendor_ruby/puppet/util.rb:184:in `benchmark'
     # /usr/share/ruby/vendor_ruby/puppet/indirector/catalog/compiler.rb:81:in `compile'
     # /usr/share/ruby/vendor_ruby/puppet/indirector/catalog/compiler.rb:41:in `find'
     # /usr/share/ruby/vendor_ruby/puppet/indirector/indirection.rb:191:in `find'
     # /usr/local/share/gems/gems/rspec-puppet-0.1.6/lib/rspec-puppet/support.rb:24:in `build_catalog_without_cache'
     # /usr/local/share/gems/gems/rspec-puppet-0.1.6/lib/rspec-puppet/support.rb:30:in `build_catalog'
     # /usr/local/share/gems/gems/rspec-puppet-0.1.6/lib/rspec-puppet/example/class_example_group.rb:59:in `catalogue'
     # /usr/local/share/gems/gems/rspec-puppet-0.1.6/lib/rspec-puppet/example/class_example_group.rb:7:in `subject'
     # /usr/local/share/gems/gems/rspec-core-2.14.2/lib/rspec/core/memoized_helpers.rb:68:in `should'
     # ./spec/classes/polipo_spec.rb:13:in `block (4 levels) in <top (required)>'
     # /usr/local/share/gems/gems/rspec-core-2.14.2/lib/rspec/core/example.rb:114:in `instance_eval'
     # /usr/local/share/gems/gems/rspec-core-2.14.2/lib/rspec/core/example.rb:114:in `block in run'
     # /usr/local/share/gems/gems/rspec-core-2.14.2/lib/rspec/core/example.rb:254:in `with_around_each_hooks'
     # /usr/local/share/gems/gems/rspec-core-2.14.2/lib/rspec/core/example.rb:111:in `run'
     # /usr/local/share/gems/gems/rspec-core-2.14.2/lib/rspec/core/example_group.rb:400:in `block in run_examples'
     # /usr/local/share/gems/gems/rspec-core-2.14.2/lib/rspec/core/example_group.rb:396:in `map'
     # /usr/local/share/gems/gems/rspec-core-2.14.2/lib/rspec/core/example_group.rb:396:in `run_examples'
     # /usr/local/share/gems/gems/rspec-core-2.14.2/lib/rspec/core/example_group.rb:381:in `run'
     # /usr/local/share/gems/gems/rspec-core-2.14.2/lib/rspec/core/example_group.rb:382:in `block in run'
     # /usr/local/share/gems/gems/rspec-core-2.14.2/lib/rspec/core/example_group.rb:382:in `map'
     # /usr/local/share/gems/gems/rspec-core-2.14.2/lib/rspec/core/example_group.rb:382:in `run'
     # /usr/local/share/gems/gems/rspec-core-2.14.2/lib/rspec/core/command_line.rb:28:in `block (2 levels) in run'
     # /usr/local/share/gems/gems/rspec-core-2.14.2/lib/rspec/core/command_line.rb:28:in `map'
     # /usr/local/share/gems/gems/rspec-core-2.14.2/lib/rspec/core/command_line.rb:28:in `block in run'
     # /usr/local/share/gems/gems/rspec-core-2.14.2/lib/rspec/core/reporter.rb:58:in `report'
     # /usr/local/share/gems/gems/rspec-core-2.14.2/lib/rspec/core/command_line.rb:25:in `run'
     # /usr/local/share/gems/gems/rspec-core-2.14.2/lib/rspec/core/runner.rb:80:in `run'
     # /usr/local/share/gems/gems/rspec-core-2.14.2/lib/rspec/core/runner.rb:17:in `block in autorun'

  4) polipo class without any parameters on Debian 
     Failure/Error: should create_file('/etc/polipo.conf')\
     Puppet::Error:
       Could not find template 'polipo/polipo.conf.erb' at /home/simonp/src/puppet-polipo/spec/fixtures/modules/polipo/manifests/config.pp:24 on node menelas.home.lan
     # /usr/share/ruby/vendor_ruby/puppet/parser/templatewrapper.rb:78:in `file='
     # /usr/share/ruby/vendor_ruby/puppet/parser/functions/template.rb:14:in `block (2 levels) in <top (required)>'
     # /usr/share/ruby/vendor_ruby/puppet/parser/functions/template.rb:8:in `collect'
     # /usr/share/ruby/vendor_ruby/puppet/parser/functions/template.rb:8:in `block in <top (required)>'
     # /usr/share/ruby/vendor_ruby/puppet/parser/functions.rb:146:in `block in newfunction'
     # /usr/share/ruby/vendor_ruby/puppet/parser/ast/function.rb:31:in `evaluate'
     # /usr/share/ruby/vendor_ruby/puppet/parser/ast.rb:62:in `safeevaluate'
     # /usr/share/ruby/vendor_ruby/puppet/parser/ast/resourceparam.rb:16:in `evaluate'
     # /usr/share/ruby/vendor_ruby/puppet/parser/ast.rb:62:in `safeevaluate'
     # /usr/share/ruby/vendor_ruby/puppet/parser/ast/resource.rb:29:in `block (2 levels) in evaluate'
     # /usr/share/ruby/vendor_ruby/puppet/parser/ast/branch.rb:16:in `block in each'
     # /usr/share/ruby/vendor_ruby/puppet/parser/ast/branch.rb:15:in `each'
     # /usr/share/ruby/vendor_ruby/puppet/parser/ast/branch.rb:15:in `each'
     # /usr/share/ruby/vendor_ruby/puppet/parser/ast/resource.rb:28:in `collect'
     # /usr/share/ruby/vendor_ruby/puppet/parser/ast/resource.rb:28:in `block in evaluate'
     # /usr/share/ruby/vendor_ruby/puppet/parser/ast/branch.rb:16:in `block in each'
     # /usr/share/ruby/vendor_ruby/puppet/parser/ast/branch.rb:15:in `each'
     # /usr/share/ruby/vendor_ruby/puppet/parser/ast/branch.rb:15:in `each'
     # /usr/share/ruby/vendor_ruby/puppet/parser/ast/resource.rb:25:in `collect'
     # /usr/share/ruby/vendor_ruby/puppet/parser/ast/resource.rb:25:in `evaluate'
     # /usr/share/ruby/vendor_ruby/puppet/parser/ast.rb:62:in `safeevaluate'
     # /usr/share/ruby/vendor_ruby/puppet/parser/ast/astarray.rb:25:in `block in evaluate'
     # /usr/share/ruby/vendor_ruby/puppet/parser/ast/astarray.rb:20:in `each'
     # /usr/share/ruby/vendor_ruby/puppet/parser/ast/astarray.rb:20:in `evaluate'
     # /usr/share/ruby/vendor_ruby/puppet/parser/ast.rb:62:in `safeevaluate'
     # /usr/share/ruby/vendor_ruby/puppet/resource/type.rb:136:in `evaluate_code'
     # /usr/share/ruby/vendor_ruby/puppet/parser/resource.rb:81:in `evaluate'
     # /usr/share/ruby/vendor_ruby/puppet/parser/compiler.rb:165:in `block in evaluate_classes'
     # /usr/share/ruby/vendor_ruby/puppet/parser/compiler.rb:150:in `each'
     # /usr/share/ruby/vendor_ruby/puppet/parser/compiler.rb:150:in `evaluate_classes'
     # /usr/share/ruby/vendor_ruby/puppet/parser/ast/resource.rb:60:in `block (3 levels) in evaluate'
     # /usr/share/ruby/vendor_ruby/puppet/util/errors.rb:35:in `exceptwrap'
     # /usr/share/ruby/vendor_ruby/puppet/parser/ast/resource.rb:43:in `block (2 levels) in evaluate'
     # /usr/share/ruby/vendor_ruby/puppet/parser/ast/resource.rb:42:in `collect'
     # /usr/share/ruby/vendor_ruby/puppet/parser/ast/resource.rb:42:in `block in evaluate'
     # /usr/share/ruby/vendor_ruby/puppet/parser/ast/branch.rb:16:in `block in each'
     # /usr/share/ruby/vendor_ruby/puppet/parser/ast/branch.rb:15:in `each'
     # /usr/share/ruby/vendor_ruby/puppet/parser/ast/branch.rb:15:in `each'
     # /usr/share/ruby/vendor_ruby/puppet/parser/ast/resource.rb:25:in `collect'
     # /usr/share/ruby/vendor_ruby/puppet/parser/ast/resource.rb:25:in `evaluate'
     # /usr/share/ruby/vendor_ruby/puppet/parser/ast.rb:62:in `safeevaluate'
     # /usr/share/ruby/vendor_ruby/puppet/parser/ast/relationship.rb:14:in `evaluate'
     # /usr/share/ruby/vendor_ruby/puppet/parser/ast.rb:62:in `safeevaluate'
     # /usr/share/ruby/vendor_ruby/puppet/parser/ast/relationship.rb:13:in `evaluate'
     # /usr/share/ruby/vendor_ruby/puppet/parser/ast.rb:62:in `safeevaluate'
     # /usr/share/ruby/vendor_ruby/puppet/parser/ast/relationship.rb:13:in `evaluate'
     # /usr/share/ruby/vendor_ruby/puppet/parser/ast.rb:62:in `safeevaluate'
     # /usr/share/ruby/vendor_ruby/puppet/parser/ast/astarray.rb:25:in `block in evaluate'
     # /usr/share/ruby/vendor_ruby/puppet/parser/ast/astarray.rb:20:in `each'
     # /usr/share/ruby/vendor_ruby/puppet/parser/ast/astarray.rb:20:in `evaluate'
     # /usr/share/ruby/vendor_ruby/puppet/parser/ast.rb:62:in `safeevaluate'
     # /usr/share/ruby/vendor_ruby/puppet/resource/type.rb:136:in `evaluate_code'
     # /usr/share/ruby/vendor_ruby/puppet/parser/resource.rb:81:in `evaluate'
     # /usr/share/ruby/vendor_ruby/puppet/parser/compiler.rb:165:in `block in evaluate_classes'
     # /usr/share/ruby/vendor_ruby/puppet/parser/compiler.rb:150:in `each'
     # /usr/share/ruby/vendor_ruby/puppet/parser/compiler.rb:150:in `evaluate_classes'
     # /usr/share/ruby/vendor_ruby/puppet/parser/functions/include.rb:11:in `block in <top (required)>'
     # /usr/share/ruby/vendor_ruby/puppet/parser/functions.rb:146:in `block in newfunction'
     # /usr/share/ruby/vendor_ruby/puppet/parser/ast/function.rb:31:in `evaluate'
     # /usr/share/ruby/vendor_ruby/puppet/parser/ast.rb:62:in `safeevaluate'
     # /usr/share/ruby/vendor_ruby/puppet/parser/ast/astarray.rb:25:in `block in evaluate'
     # /usr/share/ruby/vendor_ruby/puppet/parser/ast/astarray.rb:20:in `each'
     # /usr/share/ruby/vendor_ruby/puppet/parser/ast/astarray.rb:20:in `evaluate'
     # /usr/share/ruby/vendor_ruby/puppet/parser/ast.rb:62:in `safeevaluate'
     # /usr/share/ruby/vendor_ruby/puppet/resource/type.rb:136:in `evaluate_code'
     # /usr/share/ruby/vendor_ruby/puppet/parser/resource.rb:81:in `evaluate'
     # /usr/share/ruby/vendor_ruby/puppet/parser/compiler.rb:282:in `evaluate_main'
     # /usr/share/ruby/vendor_ruby/puppet/parser/compiler.rb:96:in `compile'
     # /usr/share/ruby/vendor_ruby/puppet/parser/compiler.rb:29:in `compile'
     # /usr/share/ruby/vendor_ruby/puppet/indirector/catalog/compiler.rb:83:in `block in compile'
     # /usr/share/ruby/vendor_ruby/puppet/util.rb:184:in `benchmark'
     # /usr/share/ruby/vendor_ruby/puppet/indirector/catalog/compiler.rb:81:in `compile'
     # /usr/share/ruby/vendor_ruby/puppet/indirector/catalog/compiler.rb:41:in `find'
     # /usr/share/ruby/vendor_ruby/puppet/indirector/indirection.rb:191:in `find'
     # /usr/local/share/gems/gems/rspec-puppet-0.1.6/lib/rspec-puppet/support.rb:24:in `build_catalog_without_cache'
     # /usr/local/share/gems/gems/rspec-puppet-0.1.6/lib/rspec-puppet/support.rb:30:in `build_catalog'
     # /usr/local/share/gems/gems/rspec-puppet-0.1.6/lib/rspec-puppet/example/class_example_group.rb:59:in `catalogue'
     # /usr/local/share/gems/gems/rspec-puppet-0.1.6/lib/rspec-puppet/example/class_example_group.rb:7:in `subject'
     # /usr/local/share/gems/gems/rspec-core-2.14.2/lib/rspec/core/memoized_helpers.rb:68:in `should'
     # ./spec/classes/polipo_spec.rb:15:in `block (4 levels) in <top (required)>'
     # /usr/local/share/gems/gems/rspec-core-2.14.2/lib/rspec/core/example.rb:114:in `instance_eval'
     # /usr/local/share/gems/gems/rspec-core-2.14.2/lib/rspec/core/example.rb:114:in `block in run'
     # /usr/local/share/gems/gems/rspec-core-2.14.2/lib/rspec/core/example.rb:254:in `with_around_each_hooks'
     # /usr/local/share/gems/gems/rspec-core-2.14.2/lib/rspec/core/example.rb:111:in `run'
     # /usr/local/share/gems/gems/rspec-core-2.14.2/lib/rspec/core/example_group.rb:400:in `block in run_examples'
     # /usr/local/share/gems/gems/rspec-core-2.14.2/lib/rspec/core/example_group.rb:396:in `map'
     # /usr/local/share/gems/gems/rspec-core-2.14.2/lib/rspec/core/example_group.rb:396:in `run_examples'
     # /usr/local/share/gems/gems/rspec-core-2.14.2/lib/rspec/core/example_group.rb:381:in `run'
     # /usr/local/share/gems/gems/rspec-core-2.14.2/lib/rspec/core/example_group.rb:382:in `block in run'
     # /usr/local/share/gems/gems/rspec-core-2.14.2/lib/rspec/core/example_group.rb:382:in `map'
     # /usr/local/share/gems/gems/rspec-core-2.14.2/lib/rspec/core/example_group.rb:382:in `run'
     # /usr/local/share/gems/gems/rspec-core-2.14.2/lib/rspec/core/command_line.rb:28:in `block (2 levels) in run'
     # /usr/local/share/gems/gems/rspec-core-2.14.2/lib/rspec/core/command_line.rb:28:in `map'
     # /usr/local/share/gems/gems/rspec-core-2.14.2/lib/rspec/core/command_line.rb:28:in `block in run'
     # /usr/local/share/gems/gems/rspec-core-2.14.2/lib/rspec/core/reporter.rb:58:in `report'
     # /usr/local/share/gems/gems/rspec-core-2.14.2/lib/rspec/core/command_line.rb:25:in `run'
     # /usr/local/share/gems/gems/rspec-core-2.14.2/lib/rspec/core/runner.rb:80:in `run'
     # /usr/local/share/gems/gems/rspec-core-2.14.2/lib/rspec/core/runner.rb:17:in `block in autorun'

  5) polipo class without any parameters on Debian 
     Failure/Error: it { should create_service('polipo') }
     Puppet::Error:
       Could not find template 'polipo/polipo.conf.erb' at /home/simonp/src/puppet-polipo/spec/fixtures/modules/polipo/manifests/config.pp:24 on node menelas.home.lan
     # /usr/share/ruby/vendor_ruby/puppet/parser/templatewrapper.rb:78:in `file='
     # /usr/share/ruby/vendor_ruby/puppet/parser/functions/template.rb:14:in `block (2 levels) in <top (required)>'
     # /usr/share/ruby/vendor_ruby/puppet/parser/functions/template.rb:8:in `collect'
     # /usr/share/ruby/vendor_ruby/puppet/parser/functions/template.rb:8:in `block in <top (required)>'
     # /usr/share/ruby/vendor_ruby/puppet/parser/functions.rb:146:in `block in newfunction'
     # /usr/share/ruby/vendor_ruby/puppet/parser/ast/function.rb:31:in `evaluate'
     # /usr/share/ruby/vendor_ruby/puppet/parser/ast.rb:62:in `safeevaluate'
     # /usr/share/ruby/vendor_ruby/puppet/parser/ast/resourceparam.rb:16:in `evaluate'
     # /usr/share/ruby/vendor_ruby/puppet/parser/ast.rb:62:in `safeevaluate'
     # /usr/share/ruby/vendor_ruby/puppet/parser/ast/resource.rb:29:in `block (2 levels) in evaluate'
     # /usr/share/ruby/vendor_ruby/puppet/parser/ast/branch.rb:16:in `block in each'
     # /usr/share/ruby/vendor_ruby/puppet/parser/ast/branch.rb:15:in `each'
     # /usr/share/ruby/vendor_ruby/puppet/parser/ast/branch.rb:15:in `each'
     # /usr/share/ruby/vendor_ruby/puppet/parser/ast/resource.rb:28:in `collect'
     # /usr/share/ruby/vendor_ruby/puppet/parser/ast/resource.rb:28:in `block in evaluate'
     # /usr/share/ruby/vendor_ruby/puppet/parser/ast/branch.rb:16:in `block in each'
     # /usr/share/ruby/vendor_ruby/puppet/parser/ast/branch.rb:15:in `each'
     # /usr/share/ruby/vendor_ruby/puppet/parser/ast/branch.rb:15:in `each'
     # /usr/share/ruby/vendor_ruby/puppet/parser/ast/resource.rb:25:in `collect'
     # /usr/share/ruby/vendor_ruby/puppet/parser/ast/resource.rb:25:in `evaluate'
     # /usr/share/ruby/vendor_ruby/puppet/parser/ast.rb:62:in `safeevaluate'
     # /usr/share/ruby/vendor_ruby/puppet/parser/ast/astarray.rb:25:in `block in evaluate'
     # /usr/share/ruby/vendor_ruby/puppet/parser/ast/astarray.rb:20:in `each'
     # /usr/share/ruby/vendor_ruby/puppet/parser/ast/astarray.rb:20:in `evaluate'
     # /usr/share/ruby/vendor_ruby/puppet/parser/ast.rb:62:in `safeevaluate'
     # /usr/share/ruby/vendor_ruby/puppet/resource/type.rb:136:in `evaluate_code'
     # /usr/share/ruby/vendor_ruby/puppet/parser/resource.rb:81:in `evaluate'
     # /usr/share/ruby/vendor_ruby/puppet/parser/compiler.rb:165:in `block in evaluate_classes'
     # /usr/share/ruby/vendor_ruby/puppet/parser/compiler.rb:150:in `each'
     # /usr/share/ruby/vendor_ruby/puppet/parser/compiler.rb:150:in `evaluate_classes'
     # /usr/share/ruby/vendor_ruby/puppet/parser/ast/resource.rb:60:in `block (3 levels) in evaluate'
     # /usr/share/ruby/vendor_ruby/puppet/util/errors.rb:35:in `exceptwrap'
     # /usr/share/ruby/vendor_ruby/puppet/parser/ast/resource.rb:43:in `block (2 levels) in evaluate'
     # /usr/share/ruby/vendor_ruby/puppet/parser/ast/resource.rb:42:in `collect'
     # /usr/share/ruby/vendor_ruby/puppet/parser/ast/resource.rb:42:in `block in evaluate'
     # /usr/share/ruby/vendor_ruby/puppet/parser/ast/branch.rb:16:in `block in each'
     # /usr/share/ruby/vendor_ruby/puppet/parser/ast/branch.rb:15:in `each'
     # /usr/share/ruby/vendor_ruby/puppet/parser/ast/branch.rb:15:in `each'
     # /usr/share/ruby/vendor_ruby/puppet/parser/ast/resource.rb:25:in `collect'
     # /usr/share/ruby/vendor_ruby/puppet/parser/ast/resource.rb:25:in `evaluate'
     # /usr/share/ruby/vendor_ruby/puppet/parser/ast.rb:62:in `safeevaluate'
     # /usr/share/ruby/vendor_ruby/puppet/parser/ast/relationship.rb:14:in `evaluate'
     # /usr/share/ruby/vendor_ruby/puppet/parser/ast.rb:62:in `safeevaluate'
     # /usr/share/ruby/vendor_ruby/puppet/parser/ast/relationship.rb:13:in `evaluate'
     # /usr/share/ruby/vendor_ruby/puppet/parser/ast.rb:62:in `safeevaluate'
     # /usr/share/ruby/vendor_ruby/puppet/parser/ast/relationship.rb:13:in `evaluate'
     # /usr/share/ruby/vendor_ruby/puppet/parser/ast.rb:62:in `safeevaluate'
     # /usr/share/ruby/vendor_ruby/puppet/parser/ast/astarray.rb:25:in `block in evaluate'
     # /usr/share/ruby/vendor_ruby/puppet/parser/ast/astarray.rb:20:in `each'
     # /usr/share/ruby/vendor_ruby/puppet/parser/ast/astarray.rb:20:in `evaluate'
     # /usr/share/ruby/vendor_ruby/puppet/parser/ast.rb:62:in `safeevaluate'
     # /usr/share/ruby/vendor_ruby/puppet/resource/type.rb:136:in `evaluate_code'
     # /usr/share/ruby/vendor_ruby/puppet/parser/resource.rb:81:in `evaluate'
     # /usr/share/ruby/vendor_ruby/puppet/parser/compiler.rb:165:in `block in evaluate_classes'
     # /usr/share/ruby/vendor_ruby/puppet/parser/compiler.rb:150:in `each'
     # /usr/share/ruby/vendor_ruby/puppet/parser/compiler.rb:150:in `evaluate_classes'
     # /usr/share/ruby/vendor_ruby/puppet/parser/functions/include.rb:11:in `block in <top (required)>'
     # /usr/share/ruby/vendor_ruby/puppet/parser/functions.rb:146:in `block in newfunction'
     # /usr/share/ruby/vendor_ruby/puppet/parser/ast/function.rb:31:in `evaluate'
     # /usr/share/ruby/vendor_ruby/puppet/parser/ast.rb:62:in `safeevaluate'
     # /usr/share/ruby/vendor_ruby/puppet/parser/ast/astarray.rb:25:in `block in evaluate'
     # /usr/share/ruby/vendor_ruby/puppet/parser/ast/astarray.rb:20:in `each'
     # /usr/share/ruby/vendor_ruby/puppet/parser/ast/astarray.rb:20:in `evaluate'
     # /usr/share/ruby/vendor_ruby/puppet/parser/ast.rb:62:in `safeevaluate'
     # /usr/share/ruby/vendor_ruby/puppet/resource/type.rb:136:in `evaluate_code'
     # /usr/share/ruby/vendor_ruby/puppet/parser/resource.rb:81:in `evaluate'
     # /usr/share/ruby/vendor_ruby/puppet/parser/compiler.rb:282:in `evaluate_main'
     # /usr/share/ruby/vendor_ruby/puppet/parser/compiler.rb:96:in `compile'
     # /usr/share/ruby/vendor_ruby/puppet/parser/compiler.rb:29:in `compile'
     # /usr/share/ruby/vendor_ruby/puppet/indirector/catalog/compiler.rb:83:in `block in compile'
     # /usr/share/ruby/vendor_ruby/puppet/util.rb:184:in `benchmark'
     # /usr/share/ruby/vendor_ruby/puppet/indirector/catalog/compiler.rb:81:in `compile'
     # /usr/share/ruby/vendor_ruby/puppet/indirector/catalog/compiler.rb:41:in `find'
     # /usr/share/ruby/vendor_ruby/puppet/indirector/indirection.rb:191:in `find'
     # /usr/local/share/gems/gems/rspec-puppet-0.1.6/lib/rspec-puppet/support.rb:24:in `build_catalog_without_cache'
     # /usr/local/share/gems/gems/rspec-puppet-0.1.6/lib/rspec-puppet/support.rb:30:in `build_catalog'
     # /usr/local/share/gems/gems/rspec-puppet-0.1.6/lib/rspec-puppet/example/class_example_group.rb:59:in `catalogue'
     # /usr/local/share/gems/gems/rspec-puppet-0.1.6/lib/rspec-puppet/example/class_example_group.rb:7:in `subject'
     # /usr/local/share/gems/gems/rspec-core-2.14.2/lib/rspec/core/memoized_helpers.rb:68:in `should'
     # ./spec/classes/polipo_spec.rb:21:in `block (4 levels) in <top (required)>'
     # /usr/local/share/gems/gems/rspec-core-2.14.2/lib/rspec/core/example.rb:114:in `instance_eval'
     # /usr/local/share/gems/gems/rspec-core-2.14.2/lib/rspec/core/example.rb:114:in `block in run'
     # /usr/local/share/gems/gems/rspec-core-2.14.2/lib/rspec/core/example.rb:254:in `with_around_each_hooks'
     # /usr/local/share/gems/gems/rspec-core-2.14.2/lib/rspec/core/example.rb:111:in `run'
     # /usr/local/share/gems/gems/rspec-core-2.14.2/lib/rspec/core/example_group.rb:400:in `block in run_examples'
     # /usr/local/share/gems/gems/rspec-core-2.14.2/lib/rspec/core/example_group.rb:396:in `map'
     # /usr/local/share/gems/gems/rspec-core-2.14.2/lib/rspec/core/example_group.rb:396:in `run_examples'
     # /usr/local/share/gems/gems/rspec-core-2.14.2/lib/rspec/core/example_group.rb:381:in `run'
     # /usr/local/share/gems/gems/rspec-core-2.14.2/lib/rspec/core/example_group.rb:382:in `block in run'
     # /usr/local/share/gems/gems/rspec-core-2.14.2/lib/rspec/core/example_group.rb:382:in `map'
     # /usr/local/share/gems/gems/rspec-core-2.14.2/lib/rspec/core/example_group.rb:382:in `run'
     # /usr/local/share/gems/gems/rspec-core-2.14.2/lib/rspec/core/command_line.rb:28:in `block (2 levels) in run'
     # /usr/local/share/gems/gems/rspec-core-2.14.2/lib/rspec/core/command_line.rb:28:in `map'
     # /usr/local/share/gems/gems/rspec-core-2.14.2/lib/rspec/core/command_line.rb:28:in `block in run'
     # /usr/local/share/gems/gems/rspec-core-2.14.2/lib/rspec/core/reporter.rb:58:in `report'
     # /usr/local/share/gems/gems/rspec-core-2.14.2/lib/rspec/core/command_line.rb:25:in `run'
     # /usr/local/share/gems/gems/rspec-core-2.14.2/lib/rspec/core/runner.rb:80:in `run'
     # /usr/local/share/gems/gems/rspec-core-2.14.2/lib/rspec/core/runner.rb:17:in `block in autorun'

  6) polipo class without any parameters on RedHat 
     Failure/Error: it { should create_class('polipo') }
     Puppet::Error:
       Could not find template 'polipo/polipo.conf.erb' at /home/simonp/src/puppet-polipo/spec/fixtures/modules/polipo/manifests/config.pp:24 on node menelas.home.lan
     # /usr/share/ruby/vendor_ruby/puppet/parser/templatewrapper.rb:78:in `file='
     # /usr/share/ruby/vendor_ruby/puppet/parser/functions/template.rb:14:in `block (2 levels) in <top (required)>'
     # /usr/share/ruby/vendor_ruby/puppet/parser/functions/template.rb:8:in `collect'
     # /usr/share/ruby/vendor_ruby/puppet/parser/functions/template.rb:8:in `block in <top (required)>'
     # /usr/share/ruby/vendor_ruby/puppet/parser/functions.rb:146:in `block in newfunction'
     # /usr/share/ruby/vendor_ruby/puppet/parser/ast/function.rb:31:in `evaluate'
     # /usr/share/ruby/vendor_ruby/puppet/parser/ast.rb:62:in `safeevaluate'
     # /usr/share/ruby/vendor_ruby/puppet/parser/ast/resourceparam.rb:16:in `evaluate'
     # /usr/share/ruby/vendor_ruby/puppet/parser/ast.rb:62:in `safeevaluate'
     # /usr/share/ruby/vendor_ruby/puppet/parser/ast/resource.rb:29:in `block (2 levels) in evaluate'
     # /usr/share/ruby/vendor_ruby/puppet/parser/ast/branch.rb:16:in `block in each'
     # /usr/share/ruby/vendor_ruby/puppet/parser/ast/branch.rb:15:in `each'
     # /usr/share/ruby/vendor_ruby/puppet/parser/ast/branch.rb:15:in `each'
     # /usr/share/ruby/vendor_ruby/puppet/parser/ast/resource.rb:28:in `collect'
     # /usr/share/ruby/vendor_ruby/puppet/parser/ast/resource.rb:28:in `block in evaluate'
     # /usr/share/ruby/vendor_ruby/puppet/parser/ast/branch.rb:16:in `block in each'
     # /usr/share/ruby/vendor_ruby/puppet/parser/ast/branch.rb:15:in `each'
     # /usr/share/ruby/vendor_ruby/puppet/parser/ast/branch.rb:15:in `each'
     # /usr/share/ruby/vendor_ruby/puppet/parser/ast/resource.rb:25:in `collect'
     # /usr/share/ruby/vendor_ruby/puppet/parser/ast/resource.rb:25:in `evaluate'
     # /usr/share/ruby/vendor_ruby/puppet/parser/ast.rb:62:in `safeevaluate'
     # /usr/share/ruby/vendor_ruby/puppet/parser/ast/astarray.rb:25:in `block in evaluate'
     # /usr/share/ruby/vendor_ruby/puppet/parser/ast/astarray.rb:20:in `each'
     # /usr/share/ruby/vendor_ruby/puppet/parser/ast/astarray.rb:20:in `evaluate'
     # /usr/share/ruby/vendor_ruby/puppet/parser/ast.rb:62:in `safeevaluate'
     # /usr/share/ruby/vendor_ruby/puppet/resource/type.rb:136:in `evaluate_code'
     # /usr/share/ruby/vendor_ruby/puppet/parser/resource.rb:81:in `evaluate'
     # /usr/share/ruby/vendor_ruby/puppet/parser/compiler.rb:165:in `block in evaluate_classes'
     # /usr/share/ruby/vendor_ruby/puppet/parser/compiler.rb:150:in `each'
     # /usr/share/ruby/vendor_ruby/puppet/parser/compiler.rb:150:in `evaluate_classes'
     # /usr/share/ruby/vendor_ruby/puppet/parser/ast/resource.rb:60:in `block (3 levels) in evaluate'
     # /usr/share/ruby/vendor_ruby/puppet/util/errors.rb:35:in `exceptwrap'
     # /usr/share/ruby/vendor_ruby/puppet/parser/ast/resource.rb:43:in `block (2 levels) in evaluate'
     # /usr/share/ruby/vendor_ruby/puppet/parser/ast/resource.rb:42:in `collect'
     # /usr/share/ruby/vendor_ruby/puppet/parser/ast/resource.rb:42:in `block in evaluate'
     # /usr/share/ruby/vendor_ruby/puppet/parser/ast/branch.rb:16:in `block in each'
     # /usr/share/ruby/vendor_ruby/puppet/parser/ast/branch.rb:15:in `each'
     # /usr/share/ruby/vendor_ruby/puppet/parser/ast/branch.rb:15:in `each'
     # /usr/share/ruby/vendor_ruby/puppet/parser/ast/resource.rb:25:in `collect'
     # /usr/share/ruby/vendor_ruby/puppet/parser/ast/resource.rb:25:in `evaluate'
     # /usr/share/ruby/vendor_ruby/puppet/parser/ast.rb:62:in `safeevaluate'
     # /usr/share/ruby/vendor_ruby/puppet/parser/ast/relationship.rb:14:in `evaluate'
     # /usr/share/ruby/vendor_ruby/puppet/parser/ast.rb:62:in `safeevaluate'
     # /usr/share/ruby/vendor_ruby/puppet/parser/ast/relationship.rb:13:in `evaluate'
     # /usr/share/ruby/vendor_ruby/puppet/parser/ast.rb:62:in `safeevaluate'
     # /usr/share/ruby/vendor_ruby/puppet/parser/ast/relationship.rb:13:in `evaluate'
     # /usr/share/ruby/vendor_ruby/puppet/parser/ast.rb:62:in `safeevaluate'
     # /usr/share/ruby/vendor_ruby/puppet/parser/ast/astarray.rb:25:in `block in evaluate'
     # /usr/share/ruby/vendor_ruby/puppet/parser/ast/astarray.rb:20:in `each'
     # /usr/share/ruby/vendor_ruby/puppet/parser/ast/astarray.rb:20:in `evaluate'
     # /usr/share/ruby/vendor_ruby/puppet/parser/ast.rb:62:in `safeevaluate'
     # /usr/share/ruby/vendor_ruby/puppet/resource/type.rb:136:in `evaluate_code'
     # /usr/share/ruby/vendor_ruby/puppet/parser/resource.rb:81:in `evaluate'
     # /usr/share/ruby/vendor_ruby/puppet/parser/compiler.rb:165:in `block in evaluate_classes'
     # /usr/share/ruby/vendor_ruby/puppet/parser/compiler.rb:150:in `each'
     # /usr/share/ruby/vendor_ruby/puppet/parser/compiler.rb:150:in `evaluate_classes'
     # /usr/share/ruby/vendor_ruby/puppet/parser/functions/include.rb:11:in `block in <top (required)>'
     # /usr/share/ruby/vendor_ruby/puppet/parser/functions.rb:146:in `block in newfunction'
     # /usr/share/ruby/vendor_ruby/puppet/parser/ast/function.rb:31:in `evaluate'
     # /usr/share/ruby/vendor_ruby/puppet/parser/ast.rb:62:in `safeevaluate'
     # /usr/share/ruby/vendor_ruby/puppet/parser/ast/astarray.rb:25:in `block in evaluate'
     # /usr/share/ruby/vendor_ruby/puppet/parser/ast/astarray.rb:20:in `each'
     # /usr/share/ruby/vendor_ruby/puppet/parser/ast/astarray.rb:20:in `evaluate'
     # /usr/share/ruby/vendor_ruby/puppet/parser/ast.rb:62:in `safeevaluate'
     # /usr/share/ruby/vendor_ruby/puppet/resource/type.rb:136:in `evaluate_code'
     # /usr/share/ruby/vendor_ruby/puppet/parser/resource.rb:81:in `evaluate'
     # /usr/share/ruby/vendor_ruby/puppet/parser/compiler.rb:282:in `evaluate_main'
     # /usr/share/ruby/vendor_ruby/puppet/parser/compiler.rb:96:in `compile'
     # /usr/share/ruby/vendor_ruby/puppet/parser/compiler.rb:29:in `compile'
     # /usr/share/ruby/vendor_ruby/puppet/indirector/catalog/compiler.rb:83:in `block in compile'
     # /usr/share/ruby/vendor_ruby/puppet/util.rb:184:in `benchmark'
     # /usr/share/ruby/vendor_ruby/puppet/indirector/catalog/compiler.rb:81:in `compile'
     # /usr/share/ruby/vendor_ruby/puppet/indirector/catalog/compiler.rb:41:in `find'
     # /usr/share/ruby/vendor_ruby/puppet/indirector/indirection.rb:191:in `find'
     # /usr/local/share/gems/gems/rspec-puppet-0.1.6/lib/rspec-puppet/support.rb:24:in `build_catalog_without_cache'
     # /usr/local/share/gems/gems/rspec-puppet-0.1.6/lib/rspec-puppet/support.rb:30:in `build_catalog'
     # /usr/local/share/gems/gems/rspec-puppet-0.1.6/lib/rspec-puppet/example/class_example_group.rb:59:in `catalogue'
     # /usr/local/share/gems/gems/rspec-puppet-0.1.6/lib/rspec-puppet/example/class_example_group.rb:7:in `subject'
     # /usr/local/share/gems/gems/rspec-core-2.14.2/lib/rspec/core/memoized_helpers.rb:68:in `should'
     # ./spec/classes/polipo_spec.rb:11:in `block (4 levels) in <top (required)>'
     # /usr/local/share/gems/gems/rspec-core-2.14.2/lib/rspec/core/example.rb:114:in `instance_eval'
     # /usr/local/share/gems/gems/rspec-core-2.14.2/lib/rspec/core/example.rb:114:in `block in run'
     # /usr/local/share/gems/gems/rspec-core-2.14.2/lib/rspec/core/example.rb:254:in `with_around_each_hooks'
     # /usr/local/share/gems/gems/rspec-core-2.14.2/lib/rspec/core/example.rb:111:in `run'
     # /usr/local/share/gems/gems/rspec-core-2.14.2/lib/rspec/core/example_group.rb:400:in `block in run_examples'
     # /usr/local/share/gems/gems/rspec-core-2.14.2/lib/rspec/core/example_group.rb:396:in `map'
     # /usr/local/share/gems/gems/rspec-core-2.14.2/lib/rspec/core/example_group.rb:396:in `run_examples'
     # /usr/local/share/gems/gems/rspec-core-2.14.2/lib/rspec/core/example_group.rb:381:in `run'
     # /usr/local/share/gems/gems/rspec-core-2.14.2/lib/rspec/core/example_group.rb:382:in `block in run'
     # /usr/local/share/gems/gems/rspec-core-2.14.2/lib/rspec/core/example_group.rb:382:in `map'
     # /usr/local/share/gems/gems/rspec-core-2.14.2/lib/rspec/core/example_group.rb:382:in `run'
     # /usr/local/share/gems/gems/rspec-core-2.14.2/lib/rspec/core/command_line.rb:28:in `block (2 levels) in run'
     # /usr/local/share/gems/gems/rspec-core-2.14.2/lib/rspec/core/command_line.rb:28:in `map'
     # /usr/local/share/gems/gems/rspec-core-2.14.2/lib/rspec/core/command_line.rb:28:in `block in run'
     # /usr/local/share/gems/gems/rspec-core-2.14.2/lib/rspec/core/reporter.rb:58:in `report'
     # /usr/local/share/gems/gems/rspec-core-2.14.2/lib/rspec/core/command_line.rb:25:in `run'
     # /usr/local/share/gems/gems/rspec-core-2.14.2/lib/rspec/core/runner.rb:80:in `run'
     # /usr/local/share/gems/gems/rspec-core-2.14.2/lib/rspec/core/runner.rb:17:in `block in autorun'

  7) polipo class without any parameters on RedHat 
     Failure/Error: it { should create_package('polipo') }
     Puppet::Error:
       Could not find template 'polipo/polipo.conf.erb' at /home/simonp/src/puppet-polipo/spec/fixtures/modules/polipo/manifests/config.pp:24 on node menelas.home.lan
     # /usr/share/ruby/vendor_ruby/puppet/parser/templatewrapper.rb:78:in `file='
     # /usr/share/ruby/vendor_ruby/puppet/parser/functions/template.rb:14:in `block (2 levels) in <top (required)>'
     # /usr/share/ruby/vendor_ruby/puppet/parser/functions/template.rb:8:in `collect'
     # /usr/share/ruby/vendor_ruby/puppet/parser/functions/template.rb:8:in `block in <top (required)>'
     # /usr/share/ruby/vendor_ruby/puppet/parser/functions.rb:146:in `block in newfunction'
     # /usr/share/ruby/vendor_ruby/puppet/parser/ast/function.rb:31:in `evaluate'
     # /usr/share/ruby/vendor_ruby/puppet/parser/ast.rb:62:in `safeevaluate'
     # /usr/share/ruby/vendor_ruby/puppet/parser/ast/resourceparam.rb:16:in `evaluate'
     # /usr/share/ruby/vendor_ruby/puppet/parser/ast.rb:62:in `safeevaluate'
     # /usr/share/ruby/vendor_ruby/puppet/parser/ast/resource.rb:29:in `block (2 levels) in evaluate'
     # /usr/share/ruby/vendor_ruby/puppet/parser/ast/branch.rb:16:in `block in each'
     # /usr/share/ruby/vendor_ruby/puppet/parser/ast/branch.rb:15:in `each'
     # /usr/share/ruby/vendor_ruby/puppet/parser/ast/branch.rb:15:in `each'
     # /usr/share/ruby/vendor_ruby/puppet/parser/ast/resource.rb:28:in `collect'
     # /usr/share/ruby/vendor_ruby/puppet/parser/ast/resource.rb:28:in `block in evaluate'
     # /usr/share/ruby/vendor_ruby/puppet/parser/ast/branch.rb:16:in `block in each'
     # /usr/share/ruby/vendor_ruby/puppet/parser/ast/branch.rb:15:in `each'
     # /usr/share/ruby/vendor_ruby/puppet/parser/ast/branch.rb:15:in `each'
     # /usr/share/ruby/vendor_ruby/puppet/parser/ast/resource.rb:25:in `collect'
     # /usr/share/ruby/vendor_ruby/puppet/parser/ast/resource.rb:25:in `evaluate'
     # /usr/share/ruby/vendor_ruby/puppet/parser/ast.rb:62:in `safeevaluate'
     # /usr/share/ruby/vendor_ruby/puppet/parser/ast/astarray.rb:25:in `block in evaluate'
     # /usr/share/ruby/vendor_ruby/puppet/parser/ast/astarray.rb:20:in `each'
     # /usr/share/ruby/vendor_ruby/puppet/parser/ast/astarray.rb:20:in `evaluate'
     # /usr/share/ruby/vendor_ruby/puppet/parser/ast.rb:62:in `safeevaluate'
     # /usr/share/ruby/vendor_ruby/puppet/resource/type.rb:136:in `evaluate_code'
     # /usr/share/ruby/vendor_ruby/puppet/parser/resource.rb:81:in `evaluate'
     # /usr/share/ruby/vendor_ruby/puppet/parser/compiler.rb:165:in `block in evaluate_classes'
     # /usr/share/ruby/vendor_ruby/puppet/parser/compiler.rb:150:in `each'
     # /usr/share/ruby/vendor_ruby/puppet/parser/compiler.rb:150:in `evaluate_classes'
     # /usr/share/ruby/vendor_ruby/puppet/parser/ast/resource.rb:60:in `block (3 levels) in evaluate'
     # /usr/share/ruby/vendor_ruby/puppet/util/errors.rb:35:in `exceptwrap'
     # /usr/share/ruby/vendor_ruby/puppet/parser/ast/resource.rb:43:in `block (2 levels) in evaluate'
     # /usr/share/ruby/vendor_ruby/puppet/parser/ast/resource.rb:42:in `collect'
     # /usr/share/ruby/vendor_ruby/puppet/parser/ast/resource.rb:42:in `block in evaluate'
     # /usr/share/ruby/vendor_ruby/puppet/parser/ast/branch.rb:16:in `block in each'
     # /usr/share/ruby/vendor_ruby/puppet/parser/ast/branch.rb:15:in `each'
     # /usr/share/ruby/vendor_ruby/puppet/parser/ast/branch.rb:15:in `each'
     # /usr/share/ruby/vendor_ruby/puppet/parser/ast/resource.rb:25:in `collect'
     # /usr/share/ruby/vendor_ruby/puppet/parser/ast/resource.rb:25:in `evaluate'
     # /usr/share/ruby/vendor_ruby/puppet/parser/ast.rb:62:in `safeevaluate'
     # /usr/share/ruby/vendor_ruby/puppet/parser/ast/relationship.rb:14:in `evaluate'
     # /usr/share/ruby/vendor_ruby/puppet/parser/ast.rb:62:in `safeevaluate'
     # /usr/share/ruby/vendor_ruby/puppet/parser/ast/relationship.rb:13:in `evaluate'
     # /usr/share/ruby/vendor_ruby/puppet/parser/ast.rb:62:in `safeevaluate'
     # /usr/share/ruby/vendor_ruby/puppet/parser/ast/relationship.rb:13:in `evaluate'
     # /usr/share/ruby/vendor_ruby/puppet/parser/ast.rb:62:in `safeevaluate'
     # /usr/share/ruby/vendor_ruby/puppet/parser/ast/astarray.rb:25:in `block in evaluate'
     # /usr/share/ruby/vendor_ruby/puppet/parser/ast/astarray.rb:20:in `each'
     # /usr/share/ruby/vendor_ruby/puppet/parser/ast/astarray.rb:20:in `evaluate'
     # /usr/share/ruby/vendor_ruby/puppet/parser/ast.rb:62:in `safeevaluate'
     # /usr/share/ruby/vendor_ruby/puppet/resource/type.rb:136:in `evaluate_code'
     # /usr/share/ruby/vendor_ruby/puppet/parser/resource.rb:81:in `evaluate'
     # /usr/share/ruby/vendor_ruby/puppet/parser/compiler.rb:165:in `block in evaluate_classes'
     # /usr/share/ruby/vendor_ruby/puppet/parser/compiler.rb:150:in `each'
     # /usr/share/ruby/vendor_ruby/puppet/parser/compiler.rb:150:in `evaluate_classes'
     # /usr/share/ruby/vendor_ruby/puppet/parser/functions/include.rb:11:in `block in <top (required)>'
     # /usr/share/ruby/vendor_ruby/puppet/parser/functions.rb:146:in `block in newfunction'
     # /usr/share/ruby/vendor_ruby/puppet/parser/ast/function.rb:31:in `evaluate'
     # /usr/share/ruby/vendor_ruby/puppet/parser/ast.rb:62:in `safeevaluate'
     # /usr/share/ruby/vendor_ruby/puppet/parser/ast/astarray.rb:25:in `block in evaluate'
     # /usr/share/ruby/vendor_ruby/puppet/parser/ast/astarray.rb:20:in `each'
     # /usr/share/ruby/vendor_ruby/puppet/parser/ast/astarray.rb:20:in `evaluate'
     # /usr/share/ruby/vendor_ruby/puppet/parser/ast.rb:62:in `safeevaluate'
     # /usr/share/ruby/vendor_ruby/puppet/resource/type.rb:136:in `evaluate_code'
     # /usr/share/ruby/vendor_ruby/puppet/parser/resource.rb:81:in `evaluate'
     # /usr/share/ruby/vendor_ruby/puppet/parser/compiler.rb:282:in `evaluate_main'
     # /usr/share/ruby/vendor_ruby/puppet/parser/compiler.rb:96:in `compile'
     # /usr/share/ruby/vendor_ruby/puppet/parser/compiler.rb:29:in `compile'
     # /usr/share/ruby/vendor_ruby/puppet/indirector/catalog/compiler.rb:83:in `block in compile'
     # /usr/share/ruby/vendor_ruby/puppet/util.rb:184:in `benchmark'
     # /usr/share/ruby/vendor_ruby/puppet/indirector/catalog/compiler.rb:81:in `compile'
     # /usr/share/ruby/vendor_ruby/puppet/indirector/catalog/compiler.rb:41:in `find'
     # /usr/share/ruby/vendor_ruby/puppet/indirector/indirection.rb:191:in `find'
     # /usr/local/share/gems/gems/rspec-puppet-0.1.6/lib/rspec-puppet/support.rb:24:in `build_catalog_without_cache'
     # /usr/local/share/gems/gems/rspec-puppet-0.1.6/lib/rspec-puppet/support.rb:30:in `build_catalog'
     # /usr/local/share/gems/gems/rspec-puppet-0.1.6/lib/rspec-puppet/example/class_example_group.rb:59:in `catalogue'
     # /usr/local/share/gems/gems/rspec-puppet-0.1.6/lib/rspec-puppet/example/class_example_group.rb:7:in `subject'
     # /usr/local/share/gems/gems/rspec-core-2.14.2/lib/rspec/core/memoized_helpers.rb:68:in `should'
     # ./spec/classes/polipo_spec.rb:12:in `block (4 levels) in <top (required)>'
     # /usr/local/share/gems/gems/rspec-core-2.14.2/lib/rspec/core/example.rb:114:in `instance_eval'
     # /usr/local/share/gems/gems/rspec-core-2.14.2/lib/rspec/core/example.rb:114:in `block in run'
     # /usr/local/share/gems/gems/rspec-core-2.14.2/lib/rspec/core/example.rb:254:in `with_around_each_hooks'
     # /usr/local/share/gems/gems/rspec-core-2.14.2/lib/rspec/core/example.rb:111:in `run'
     # /usr/local/share/gems/gems/rspec-core-2.14.2/lib/rspec/core/example_group.rb:400:in `block in run_examples'
     # /usr/local/share/gems/gems/rspec-core-2.14.2/lib/rspec/core/example_group.rb:396:in `map'
     # /usr/local/share/gems/gems/rspec-core-2.14.2/lib/rspec/core/example_group.rb:396:in `run_examples'
     # /usr/local/share/gems/gems/rspec-core-2.14.2/lib/rspec/core/example_group.rb:381:in `run'
     # /usr/local/share/gems/gems/rspec-core-2.14.2/lib/rspec/core/example_group.rb:382:in `block in run'
     # /usr/local/share/gems/gems/rspec-core-2.14.2/lib/rspec/core/example_group.rb:382:in `map'
     # /usr/local/share/gems/gems/rspec-core-2.14.2/lib/rspec/core/example_group.rb:382:in `run'
     # /usr/local/share/gems/gems/rspec-core-2.14.2/lib/rspec/core/command_line.rb:28:in `block (2 levels) in run'
     # /usr/local/share/gems/gems/rspec-core-2.14.2/lib/rspec/core/command_line.rb:28:in `map'
     # /usr/local/share/gems/gems/rspec-core-2.14.2/lib/rspec/core/command_line.rb:28:in `block in run'
     # /usr/local/share/gems/gems/rspec-core-2.14.2/lib/rspec/core/reporter.rb:58:in `report'
     # /usr/local/share/gems/gems/rspec-core-2.14.2/lib/rspec/core/command_line.rb:25:in `run'
     # /usr/local/share/gems/gems/rspec-core-2.14.2/lib/rspec/core/runner.rb:80:in `run'
     # /usr/local/share/gems/gems/rspec-core-2.14.2/lib/rspec/core/runner.rb:17:in `block in autorun'

  8) polipo class without any parameters on RedHat 
     Failure/Error: it { should create_file('/etc/polipo.conf') }
     Puppet::Error:
       Could not find template 'polipo/polipo.conf.erb' at /home/simonp/src/puppet-polipo/spec/fixtures/modules/polipo/manifests/config.pp:24 on node menelas.home.lan
     # /usr/share/ruby/vendor_ruby/puppet/parser/templatewrapper.rb:78:in `file='
     # /usr/share/ruby/vendor_ruby/puppet/parser/functions/template.rb:14:in `block (2 levels) in <top (required)>'
     # /usr/share/ruby/vendor_ruby/puppet/parser/functions/template.rb:8:in `collect'
     # /usr/share/ruby/vendor_ruby/puppet/parser/functions/template.rb:8:in `block in <top (required)>'
     # /usr/share/ruby/vendor_ruby/puppet/parser/functions.rb:146:in `block in newfunction'
     # /usr/share/ruby/vendor_ruby/puppet/parser/ast/function.rb:31:in `evaluate'
     # /usr/share/ruby/vendor_ruby/puppet/parser/ast.rb:62:in `safeevaluate'
     # /usr/share/ruby/vendor_ruby/puppet/parser/ast/resourceparam.rb:16:in `evaluate'
     # /usr/share/ruby/vendor_ruby/puppet/parser/ast.rb:62:in `safeevaluate'
     # /usr/share/ruby/vendor_ruby/puppet/parser/ast/resource.rb:29:in `block (2 levels) in evaluate'
     # /usr/share/ruby/vendor_ruby/puppet/parser/ast/branch.rb:16:in `block in each'
     # /usr/share/ruby/vendor_ruby/puppet/parser/ast/branch.rb:15:in `each'
     # /usr/share/ruby/vendor_ruby/puppet/parser/ast/branch.rb:15:in `each'
     # /usr/share/ruby/vendor_ruby/puppet/parser/ast/resource.rb:28:in `collect'
     # /usr/share/ruby/vendor_ruby/puppet/parser/ast/resource.rb:28:in `block in evaluate'
     # /usr/share/ruby/vendor_ruby/puppet/parser/ast/branch.rb:16:in `block in each'
     # /usr/share/ruby/vendor_ruby/puppet/parser/ast/branch.rb:15:in `each'
     # /usr/share/ruby/vendor_ruby/puppet/parser/ast/branch.rb:15:in `each'
     # /usr/share/ruby/vendor_ruby/puppet/parser/ast/resource.rb:25:in `collect'
     # /usr/share/ruby/vendor_ruby/puppet/parser/ast/resource.rb:25:in `evaluate'
     # /usr/share/ruby/vendor_ruby/puppet/parser/ast.rb:62:in `safeevaluate'
     # /usr/share/ruby/vendor_ruby/puppet/parser/ast/astarray.rb:25:in `block in evaluate'
     # /usr/share/ruby/vendor_ruby/puppet/parser/ast/astarray.rb:20:in `each'
     # /usr/share/ruby/vendor_ruby/puppet/parser/ast/astarray.rb:20:in `evaluate'
     # /usr/share/ruby/vendor_ruby/puppet/parser/ast.rb:62:in `safeevaluate'
     # /usr/share/ruby/vendor_ruby/puppet/resource/type.rb:136:in `evaluate_code'
     # /usr/share/ruby/vendor_ruby/puppet/parser/resource.rb:81:in `evaluate'
     # /usr/share/ruby/vendor_ruby/puppet/parser/compiler.rb:165:in `block in evaluate_classes'
     # /usr/share/ruby/vendor_ruby/puppet/parser/compiler.rb:150:in `each'
     # /usr/share/ruby/vendor_ruby/puppet/parser/compiler.rb:150:in `evaluate_classes'
     # /usr/share/ruby/vendor_ruby/puppet/parser/ast/resource.rb:60:in `block (3 levels) in evaluate'
     # /usr/share/ruby/vendor_ruby/puppet/util/errors.rb:35:in `exceptwrap'
     # /usr/share/ruby/vendor_ruby/puppet/parser/ast/resource.rb:43:in `block (2 levels) in evaluate'
     # /usr/share/ruby/vendor_ruby/puppet/parser/ast/resource.rb:42:in `collect'
     # /usr/share/ruby/vendor_ruby/puppet/parser/ast/resource.rb:42:in `block in evaluate'
     # /usr/share/ruby/vendor_ruby/puppet/parser/ast/branch.rb:16:in `block in each'
     # /usr/share/ruby/vendor_ruby/puppet/parser/ast/branch.rb:15:in `each'
     # /usr/share/ruby/vendor_ruby/puppet/parser/ast/branch.rb:15:in `each'
     # /usr/share/ruby/vendor_ruby/puppet/parser/ast/resource.rb:25:in `collect'
     # /usr/share/ruby/vendor_ruby/puppet/parser/ast/resource.rb:25:in `evaluate'
     # /usr/share/ruby/vendor_ruby/puppet/parser/ast.rb:62:in `safeevaluate'
     # /usr/share/ruby/vendor_ruby/puppet/parser/ast/relationship.rb:14:in `evaluate'
     # /usr/share/ruby/vendor_ruby/puppet/parser/ast.rb:62:in `safeevaluate'
     # /usr/share/ruby/vendor_ruby/puppet/parser/ast/relationship.rb:13:in `evaluate'
     # /usr/share/ruby/vendor_ruby/puppet/parser/ast.rb:62:in `safeevaluate'
     # /usr/share/ruby/vendor_ruby/puppet/parser/ast/relationship.rb:13:in `evaluate'
     # /usr/share/ruby/vendor_ruby/puppet/parser/ast.rb:62:in `safeevaluate'
     # /usr/share/ruby/vendor_ruby/puppet/parser/ast/astarray.rb:25:in `block in evaluate'
     # /usr/share/ruby/vendor_ruby/puppet/parser/ast/astarray.rb:20:in `each'
     # /usr/share/ruby/vendor_ruby/puppet/parser/ast/astarray.rb:20:in `evaluate'
     # /usr/share/ruby/vendor_ruby/puppet/parser/ast.rb:62:in `safeevaluate'
     # /usr/share/ruby/vendor_ruby/puppet/resource/type.rb:136:in `evaluate_code'
     # /usr/share/ruby/vendor_ruby/puppet/parser/resource.rb:81:in `evaluate'
     # /usr/share/ruby/vendor_ruby/puppet/parser/compiler.rb:165:in `block in evaluate_classes'
     # /usr/share/ruby/vendor_ruby/puppet/parser/compiler.rb:150:in `each'
     # /usr/share/ruby/vendor_ruby/puppet/parser/compiler.rb:150:in `evaluate_classes'
     # /usr/share/ruby/vendor_ruby/puppet/parser/functions/include.rb:11:in `block in <top (required)>'
     # /usr/share/ruby/vendor_ruby/puppet/parser/functions.rb:146:in `block in newfunction'
     # /usr/share/ruby/vendor_ruby/puppet/parser/ast/function.rb:31:in `evaluate'
     # /usr/share/ruby/vendor_ruby/puppet/parser/ast.rb:62:in `safeevaluate'
     # /usr/share/ruby/vendor_ruby/puppet/parser/ast/astarray.rb:25:in `block in evaluate'
     # /usr/share/ruby/vendor_ruby/puppet/parser/ast/astarray.rb:20:in `each'
     # /usr/share/ruby/vendor_ruby/puppet/parser/ast/astarray.rb:20:in `evaluate'
     # /usr/share/ruby/vendor_ruby/puppet/parser/ast.rb:62:in `safeevaluate'
     # /usr/share/ruby/vendor_ruby/puppet/resource/type.rb:136:in `evaluate_code'
     # /usr/share/ruby/vendor_ruby/puppet/parser/resource.rb:81:in `evaluate'
     # /usr/share/ruby/vendor_ruby/puppet/parser/compiler.rb:282:in `evaluate_main'
     # /usr/share/ruby/vendor_ruby/puppet/parser/compiler.rb:96:in `compile'
     # /usr/share/ruby/vendor_ruby/puppet/parser/compiler.rb:29:in `compile'
     # /usr/share/ruby/vendor_ruby/puppet/indirector/catalog/compiler.rb:83:in `block in compile'
     # /usr/share/ruby/vendor_ruby/puppet/util.rb:184:in `benchmark'
     # /usr/share/ruby/vendor_ruby/puppet/indirector/catalog/compiler.rb:81:in `compile'
     # /usr/share/ruby/vendor_ruby/puppet/indirector/catalog/compiler.rb:41:in `find'
     # /usr/share/ruby/vendor_ruby/puppet/indirector/indirection.rb:191:in `find'
     # /usr/local/share/gems/gems/rspec-puppet-0.1.6/lib/rspec-puppet/support.rb:24:in `build_catalog_without_cache'
     # /usr/local/share/gems/gems/rspec-puppet-0.1.6/lib/rspec-puppet/support.rb:30:in `build_catalog'
     # /usr/local/share/gems/gems/rspec-puppet-0.1.6/lib/rspec-puppet/example/class_example_group.rb:59:in `catalogue'
     # /usr/local/share/gems/gems/rspec-puppet-0.1.6/lib/rspec-puppet/example/class_example_group.rb:7:in `subject'
     # /usr/local/share/gems/gems/rspec-core-2.14.2/lib/rspec/core/memoized_helpers.rb:68:in `should'
     # ./spec/classes/polipo_spec.rb:13:in `block (4 levels) in <top (required)>'
     # /usr/local/share/gems/gems/rspec-core-2.14.2/lib/rspec/core/example.rb:114:in `instance_eval'
     # /usr/local/share/gems/gems/rspec-core-2.14.2/lib/rspec/core/example.rb:114:in `block in run'
     # /usr/local/share/gems/gems/rspec-core-2.14.2/lib/rspec/core/example.rb:254:in `with_around_each_hooks'
     # /usr/local/share/gems/gems/rspec-core-2.14.2/lib/rspec/core/example.rb:111:in `run'
     # /usr/local/share/gems/gems/rspec-core-2.14.2/lib/rspec/core/example_group.rb:400:in `block in run_examples'
     # /usr/local/share/gems/gems/rspec-core-2.14.2/lib/rspec/core/example_group.rb:396:in `map'
     # /usr/local/share/gems/gems/rspec-core-2.14.2/lib/rspec/core/example_group.rb:396:in `run_examples'
     # /usr/local/share/gems/gems/rspec-core-2.14.2/lib/rspec/core/example_group.rb:381:in `run'
     # /usr/local/share/gems/gems/rspec-core-2.14.2/lib/rspec/core/example_group.rb:382:in `block in run'
     # /usr/local/share/gems/gems/rspec-core-2.14.2/lib/rspec/core/example_group.rb:382:in `map'
     # /usr/local/share/gems/gems/rspec-core-2.14.2/lib/rspec/core/example_group.rb:382:in `run'
     # /usr/local/share/gems/gems/rspec-core-2.14.2/lib/rspec/core/command_line.rb:28:in `block (2 levels) in run'
     # /usr/local/share/gems/gems/rspec-core-2.14.2/lib/rspec/core/command_line.rb:28:in `map'
     # /usr/local/share/gems/gems/rspec-core-2.14.2/lib/rspec/core/command_line.rb:28:in `block in run'
     # /usr/local/share/gems/gems/rspec-core-2.14.2/lib/rspec/core/reporter.rb:58:in `report'
     # /usr/local/share/gems/gems/rspec-core-2.14.2/lib/rspec/core/command_line.rb:25:in `run'
     # /usr/local/share/gems/gems/rspec-core-2.14.2/lib/rspec/core/runner.rb:80:in `run'
     # /usr/local/share/gems/gems/rspec-core-2.14.2/lib/rspec/core/runner.rb:17:in `block in autorun'

  9) polipo class without any parameters on RedHat 
     Failure/Error: should create_file('/etc/polipo.conf')\
     Puppet::Error:
       Could not find template 'polipo/polipo.conf.erb' at /home/simonp/src/puppet-polipo/spec/fixtures/modules/polipo/manifests/config.pp:24 on node menelas.home.lan
     # /usr/share/ruby/vendor_ruby/puppet/parser/templatewrapper.rb:78:in `file='
     # /usr/share/ruby/vendor_ruby/puppet/parser/functions/template.rb:14:in `block (2 levels) in <top (required)>'
     # /usr/share/ruby/vendor_ruby/puppet/parser/functions/template.rb:8:in `collect'
     # /usr/share/ruby/vendor_ruby/puppet/parser/functions/template.rb:8:in `block in <top (required)>'
     # /usr/share/ruby/vendor_ruby/puppet/parser/functions.rb:146:in `block in newfunction'
     # /usr/share/ruby/vendor_ruby/puppet/parser/ast/function.rb:31:in `evaluate'
     # /usr/share/ruby/vendor_ruby/puppet/parser/ast.rb:62:in `safeevaluate'
     # /usr/share/ruby/vendor_ruby/puppet/parser/ast/resourceparam.rb:16:in `evaluate'
     # /usr/share/ruby/vendor_ruby/puppet/parser/ast.rb:62:in `safeevaluate'
     # /usr/share/ruby/vendor_ruby/puppet/parser/ast/resource.rb:29:in `block (2 levels) in evaluate'
     # /usr/share/ruby/vendor_ruby/puppet/parser/ast/branch.rb:16:in `block in each'
     # /usr/share/ruby/vendor_ruby/puppet/parser/ast/branch.rb:15:in `each'
     # /usr/share/ruby/vendor_ruby/puppet/parser/ast/branch.rb:15:in `each'
     # /usr/share/ruby/vendor_ruby/puppet/parser/ast/resource.rb:28:in `collect'
     # /usr/share/ruby/vendor_ruby/puppet/parser/ast/resource.rb:28:in `block in evaluate'
     # /usr/share/ruby/vendor_ruby/puppet/parser/ast/branch.rb:16:in `block in each'
     # /usr/share/ruby/vendor_ruby/puppet/parser/ast/branch.rb:15:in `each'
     # /usr/share/ruby/vendor_ruby/puppet/parser/ast/branch.rb:15:in `each'
     # /usr/share/ruby/vendor_ruby/puppet/parser/ast/resource.rb:25:in `collect'
     # /usr/share/ruby/vendor_ruby/puppet/parser/ast/resource.rb:25:in `evaluate'
     # /usr/share/ruby/vendor_ruby/puppet/parser/ast.rb:62:in `safeevaluate'
     # /usr/share/ruby/vendor_ruby/puppet/parser/ast/astarray.rb:25:in `block in evaluate'
     # /usr/share/ruby/vendor_ruby/puppet/parser/ast/astarray.rb:20:in `each'
     # /usr/share/ruby/vendor_ruby/puppet/parser/ast/astarray.rb:20:in `evaluate'
     # /usr/share/ruby/vendor_ruby/puppet/parser/ast.rb:62:in `safeevaluate'
     # /usr/share/ruby/vendor_ruby/puppet/resource/type.rb:136:in `evaluate_code'
     # /usr/share/ruby/vendor_ruby/puppet/parser/resource.rb:81:in `evaluate'
     # /usr/share/ruby/vendor_ruby/puppet/parser/compiler.rb:165:in `block in evaluate_classes'
     # /usr/share/ruby/vendor_ruby/puppet/parser/compiler.rb:150:in `each'
     # /usr/share/ruby/vendor_ruby/puppet/parser/compiler.rb:150:in `evaluate_classes'
     # /usr/share/ruby/vendor_ruby/puppet/parser/ast/resource.rb:60:in `block (3 levels) in evaluate'
     # /usr/share/ruby/vendor_ruby/puppet/util/errors.rb:35:in `exceptwrap'
     # /usr/share/ruby/vendor_ruby/puppet/parser/ast/resource.rb:43:in `block (2 levels) in evaluate'
     # /usr/share/ruby/vendor_ruby/puppet/parser/ast/resource.rb:42:in `collect'
     # /usr/share/ruby/vendor_ruby/puppet/parser/ast/resource.rb:42:in `block in evaluate'
     # /usr/share/ruby/vendor_ruby/puppet/parser/ast/branch.rb:16:in `block in each'
     # /usr/share/ruby/vendor_ruby/puppet/parser/ast/branch.rb:15:in `each'
     # /usr/share/ruby/vendor_ruby/puppet/parser/ast/branch.rb:15:in `each'
     # /usr/share/ruby/vendor_ruby/puppet/parser/ast/resource.rb:25:in `collect'
     # /usr/share/ruby/vendor_ruby/puppet/parser/ast/resource.rb:25:in `evaluate'
     # /usr/share/ruby/vendor_ruby/puppet/parser/ast.rb:62:in `safeevaluate'
     # /usr/share/ruby/vendor_ruby/puppet/parser/ast/relationship.rb:14:in `evaluate'
     # /usr/share/ruby/vendor_ruby/puppet/parser/ast.rb:62:in `safeevaluate'
     # /usr/share/ruby/vendor_ruby/puppet/parser/ast/relationship.rb:13:in `evaluate'
     # /usr/share/ruby/vendor_ruby/puppet/parser/ast.rb:62:in `safeevaluate'
     # /usr/share/ruby/vendor_ruby/puppet/parser/ast/relationship.rb:13:in `evaluate'
     # /usr/share/ruby/vendor_ruby/puppet/parser/ast.rb:62:in `safeevaluate'
     # /usr/share/ruby/vendor_ruby/puppet/parser/ast/astarray.rb:25:in `block in evaluate'
     # /usr/share/ruby/vendor_ruby/puppet/parser/ast/astarray.rb:20:in `each'
     # /usr/share/ruby/vendor_ruby/puppet/parser/ast/astarray.rb:20:in `evaluate'
     # /usr/share/ruby/vendor_ruby/puppet/parser/ast.rb:62:in `safeevaluate'
     # /usr/share/ruby/vendor_ruby/puppet/resource/type.rb:136:in `evaluate_code'
     # /usr/share/ruby/vendor_ruby/puppet/parser/resource.rb:81:in `evaluate'
     # /usr/share/ruby/vendor_ruby/puppet/parser/compiler.rb:165:in `block in evaluate_classes'
     # /usr/share/ruby/vendor_ruby/puppet/parser/compiler.rb:150:in `each'
     # /usr/share/ruby/vendor_ruby/puppet/parser/compiler.rb:150:in `evaluate_classes'
     # /usr/share/ruby/vendor_ruby/puppet/parser/functions/include.rb:11:in `block in <top (required)>'
     # /usr/share/ruby/vendor_ruby/puppet/parser/functions.rb:146:in `block in newfunction'
     # /usr/share/ruby/vendor_ruby/puppet/parser/ast/function.rb:31:in `evaluate'
     # /usr/share/ruby/vendor_ruby/puppet/parser/ast.rb:62:in `safeevaluate'
     # /usr/share/ruby/vendor_ruby/puppet/parser/ast/astarray.rb:25:in `block in evaluate'
     # /usr/share/ruby/vendor_ruby/puppet/parser/ast/astarray.rb:20:in `each'
     # /usr/share/ruby/vendor_ruby/puppet/parser/ast/astarray.rb:20:in `evaluate'
     # /usr/share/ruby/vendor_ruby/puppet/parser/ast.rb:62:in `safeevaluate'
     # /usr/share/ruby/vendor_ruby/puppet/resource/type.rb:136:in `evaluate_code'
     # /usr/share/ruby/vendor_ruby/puppet/parser/resource.rb:81:in `evaluate'
     # /usr/share/ruby/vendor_ruby/puppet/parser/compiler.rb:282:in `evaluate_main'
     # /usr/share/ruby/vendor_ruby/puppet/parser/compiler.rb:96:in `compile'
     # /usr/share/ruby/vendor_ruby/puppet/parser/compiler.rb:29:in `compile'
     # /usr/share/ruby/vendor_ruby/puppet/indirector/catalog/compiler.rb:83:in `block in compile'
     # /usr/share/ruby/vendor_ruby/puppet/util.rb:184:in `benchmark'
     # /usr/share/ruby/vendor_ruby/puppet/indirector/catalog/compiler.rb:81:in `compile'
     # /usr/share/ruby/vendor_ruby/puppet/indirector/catalog/compiler.rb:41:in `find'
     # /usr/share/ruby/vendor_ruby/puppet/indirector/indirection.rb:191:in `find'
     # /usr/local/share/gems/gems/rspec-puppet-0.1.6/lib/rspec-puppet/support.rb:24:in `build_catalog_without_cache'
     # /usr/local/share/gems/gems/rspec-puppet-0.1.6/lib/rspec-puppet/support.rb:30:in `build_catalog'
     # /usr/local/share/gems/gems/rspec-puppet-0.1.6/lib/rspec-puppet/example/class_example_group.rb:59:in `catalogue'
     # /usr/local/share/gems/gems/rspec-puppet-0.1.6/lib/rspec-puppet/example/class_example_group.rb:7:in `subject'
     # /usr/local/share/gems/gems/rspec-core-2.14.2/lib/rspec/core/memoized_helpers.rb:68:in `should'
     # ./spec/classes/polipo_spec.rb:15:in `block (4 levels) in <top (required)>'
     # /usr/local/share/gems/gems/rspec-core-2.14.2/lib/rspec/core/example.rb:114:in `instance_eval'
     # /usr/local/share/gems/gems/rspec-core-2.14.2/lib/rspec/core/example.rb:114:in `block in run'
     # /usr/local/share/gems/gems/rspec-core-2.14.2/lib/rspec/core/example.rb:254:in `with_around_each_hooks'
     # /usr/local/share/gems/gems/rspec-core-2.14.2/lib/rspec/core/example.rb:111:in `run'
     # /usr/local/share/gems/gems/rspec-core-2.14.2/lib/rspec/core/example_group.rb:400:in `block in run_examples'
     # /usr/local/share/gems/gems/rspec-core-2.14.2/lib/rspec/core/example_group.rb:396:in `map'
     # /usr/local/share/gems/gems/rspec-core-2.14.2/lib/rspec/core/example_group.rb:396:in `run_examples'
     # /usr/local/share/gems/gems/rspec-core-2.14.2/lib/rspec/core/example_group.rb:381:in `run'
     # /usr/local/share/gems/gems/rspec-core-2.14.2/lib/rspec/core/example_group.rb:382:in `block in run'
     # /usr/local/share/gems/gems/rspec-core-2.14.2/lib/rspec/core/example_group.rb:382:in `map'
     # /usr/local/share/gems/gems/rspec-core-2.14.2/lib/rspec/core/example_group.rb:382:in `run'
     # /usr/local/share/gems/gems/rspec-core-2.14.2/lib/rspec/core/command_line.rb:28:in `block (2 levels) in run'
     # /usr/local/share/gems/gems/rspec-core-2.14.2/lib/rspec/core/command_line.rb:28:in `map'
     # /usr/local/share/gems/gems/rspec-core-2.14.2/lib/rspec/core/command_line.rb:28:in `block in run'
     # /usr/local/share/gems/gems/rspec-core-2.14.2/lib/rspec/core/reporter.rb:58:in `report'
     # /usr/local/share/gems/gems/rspec-core-2.14.2/lib/rspec/core/command_line.rb:25:in `run'
     # /usr/local/share/gems/gems/rspec-core-2.14.2/lib/rspec/core/runner.rb:80:in `run'
     # /usr/local/share/gems/gems/rspec-core-2.14.2/lib/rspec/core/runner.rb:17:in `block in autorun'

  10) polipo class without any parameters on RedHat 
     Failure/Error: it { should create_service('polipod') }
     Puppet::Error:
       Could not find template 'polipo/polipo.conf.erb' at /home/simonp/src/puppet-polipo/spec/fixtures/modules/polipo/manifests/config.pp:24 on node menelas.home.lan
     # /usr/share/ruby/vendor_ruby/puppet/parser/templatewrapper.rb:78:in `file='
     # /usr/share/ruby/vendor_ruby/puppet/parser/functions/template.rb:14:in `block (2 levels) in <top (required)>'
     # /usr/share/ruby/vendor_ruby/puppet/parser/functions/template.rb:8:in `collect'
     # /usr/share/ruby/vendor_ruby/puppet/parser/functions/template.rb:8:in `block in <top (required)>'
     # /usr/share/ruby/vendor_ruby/puppet/parser/functions.rb:146:in `block in newfunction'
     # /usr/share/ruby/vendor_ruby/puppet/parser/ast/function.rb:31:in `evaluate'
     # /usr/share/ruby/vendor_ruby/puppet/parser/ast.rb:62:in `safeevaluate'
     # /usr/share/ruby/vendor_ruby/puppet/parser/ast/resourceparam.rb:16:in `evaluate'
     # /usr/share/ruby/vendor_ruby/puppet/parser/ast.rb:62:in `safeevaluate'
     # /usr/share/ruby/vendor_ruby/puppet/parser/ast/resource.rb:29:in `block (2 levels) in evaluate'
     # /usr/share/ruby/vendor_ruby/puppet/parser/ast/branch.rb:16:in `block in each'
     # /usr/share/ruby/vendor_ruby/puppet/parser/ast/branch.rb:15:in `each'
     # /usr/share/ruby/vendor_ruby/puppet/parser/ast/branch.rb:15:in `each'
     # /usr/share/ruby/vendor_ruby/puppet/parser/ast/resource.rb:28:in `collect'
     # /usr/share/ruby/vendor_ruby/puppet/parser/ast/resource.rb:28:in `block in evaluate'
     # /usr/share/ruby/vendor_ruby/puppet/parser/ast/branch.rb:16:in `block in each'
     # /usr/share/ruby/vendor_ruby/puppet/parser/ast/branch.rb:15:in `each'
     # /usr/share/ruby/vendor_ruby/puppet/parser/ast/branch.rb:15:in `each'
     # /usr/share/ruby/vendor_ruby/puppet/parser/ast/resource.rb:25:in `collect'
     # /usr/share/ruby/vendor_ruby/puppet/parser/ast/resource.rb:25:in `evaluate'
     # /usr/share/ruby/vendor_ruby/puppet/parser/ast.rb:62:in `safeevaluate'
     # /usr/share/ruby/vendor_ruby/puppet/parser/ast/astarray.rb:25:in `block in evaluate'
     # /usr/share/ruby/vendor_ruby/puppet/parser/ast/astarray.rb:20:in `each'
     # /usr/share/ruby/vendor_ruby/puppet/parser/ast/astarray.rb:20:in `evaluate'
     # /usr/share/ruby/vendor_ruby/puppet/parser/ast.rb:62:in `safeevaluate'
     # /usr/share/ruby/vendor_ruby/puppet/resource/type.rb:136:in `evaluate_code'
     # /usr/share/ruby/vendor_ruby/puppet/parser/resource.rb:81:in `evaluate'
     # /usr/share/ruby/vendor_ruby/puppet/parser/compiler.rb:165:in `block in evaluate_classes'
     # /usr/share/ruby/vendor_ruby/puppet/parser/compiler.rb:150:in `each'
     # /usr/share/ruby/vendor_ruby/puppet/parser/compiler.rb:150:in `evaluate_classes'
     # /usr/share/ruby/vendor_ruby/puppet/parser/ast/resource.rb:60:in `block (3 levels) in evaluate'
     # /usr/share/ruby/vendor_ruby/puppet/util/errors.rb:35:in `exceptwrap'
     # /usr/share/ruby/vendor_ruby/puppet/parser/ast/resource.rb:43:in `block (2 levels) in evaluate'
     # /usr/share/ruby/vendor_ruby/puppet/parser/ast/resource.rb:42:in `collect'
     # /usr/share/ruby/vendor_ruby/puppet/parser/ast/resource.rb:42:in `block in evaluate'
     # /usr/share/ruby/vendor_ruby/puppet/parser/ast/branch.rb:16:in `block in each'
     # /usr/share/ruby/vendor_ruby/puppet/parser/ast/branch.rb:15:in `each'
     # /usr/share/ruby/vendor_ruby/puppet/parser/ast/branch.rb:15:in `each'
     # /usr/share/ruby/vendor_ruby/puppet/parser/ast/resource.rb:25:in `collect'
     # /usr/share/ruby/vendor_ruby/puppet/parser/ast/resource.rb:25:in `evaluate'
     # /usr/share/ruby/vendor_ruby/puppet/parser/ast.rb:62:in `safeevaluate'
     # /usr/share/ruby/vendor_ruby/puppet/parser/ast/relationship.rb:14:in `evaluate'
     # /usr/share/ruby/vendor_ruby/puppet/parser/ast.rb:62:in `safeevaluate'
     # /usr/share/ruby/vendor_ruby/puppet/parser/ast/relationship.rb:13:in `evaluate'
     # /usr/share/ruby/vendor_ruby/puppet/parser/ast.rb:62:in `safeevaluate'
     # /usr/share/ruby/vendor_ruby/puppet/parser/ast/relationship.rb:13:in `evaluate'
     # /usr/share/ruby/vendor_ruby/puppet/parser/ast.rb:62:in `safeevaluate'
     # /usr/share/ruby/vendor_ruby/puppet/parser/ast/astarray.rb:25:in `block in evaluate'
     # /usr/share/ruby/vendor_ruby/puppet/parser/ast/astarray.rb:20:in `each'
     # /usr/share/ruby/vendor_ruby/puppet/parser/ast/astarray.rb:20:in `evaluate'
     # /usr/share/ruby/vendor_ruby/puppet/parser/ast.rb:62:in `safeevaluate'
     # /usr/share/ruby/vendor_ruby/puppet/resource/type.rb:136:in `evaluate_code'
     # /usr/share/ruby/vendor_ruby/puppet/parser/resource.rb:81:in `evaluate'
     # /usr/share/ruby/vendor_ruby/puppet/parser/compiler.rb:165:in `block in evaluate_classes'
     # /usr/share/ruby/vendor_ruby/puppet/parser/compiler.rb:150:in `each'
     # /usr/share/ruby/vendor_ruby/puppet/parser/compiler.rb:150:in `evaluate_classes'
     # /usr/share/ruby/vendor_ruby/puppet/parser/functions/include.rb:11:in `block in <top (required)>'
     # /usr/share/ruby/vendor_ruby/puppet/parser/functions.rb:146:in `block in newfunction'
     # /usr/share/ruby/vendor_ruby/puppet/parser/ast/function.rb:31:in `evaluate'
     # /usr/share/ruby/vendor_ruby/puppet/parser/ast.rb:62:in `safeevaluate'
     # /usr/share/ruby/vendor_ruby/puppet/parser/ast/astarray.rb:25:in `block in evaluate'
     # /usr/share/ruby/vendor_ruby/puppet/parser/ast/astarray.rb:20:in `each'
     # /usr/share/ruby/vendor_ruby/puppet/parser/ast/astarray.rb:20:in `evaluate'
     # /usr/share/ruby/vendor_ruby/puppet/parser/ast.rb:62:in `safeevaluate'
     # /usr/share/ruby/vendor_ruby/puppet/resource/type.rb:136:in `evaluate_code'
     # /usr/share/ruby/vendor_ruby/puppet/parser/resource.rb:81:in `evaluate'
     # /usr/share/ruby/vendor_ruby/puppet/parser/compiler.rb:282:in `evaluate_main'
     # /usr/share/ruby/vendor_ruby/puppet/parser/compiler.rb:96:in `compile'
     # /usr/share/ruby/vendor_ruby/puppet/parser/compiler.rb:29:in `compile'
     # /usr/share/ruby/vendor_ruby/puppet/indirector/catalog/compiler.rb:83:in `block in compile'
     # /usr/share/ruby/vendor_ruby/puppet/util.rb:184:in `benchmark'
     # /usr/share/ruby/vendor_ruby/puppet/indirector/catalog/compiler.rb:81:in `compile'
     # /usr/share/ruby/vendor_ruby/puppet/indirector/catalog/compiler.rb:41:in `find'
     # /usr/share/ruby/vendor_ruby/puppet/indirector/indirection.rb:191:in `find'
     # /usr/local/share/gems/gems/rspec-puppet-0.1.6/lib/rspec-puppet/support.rb:24:in `build_catalog_without_cache'
     # /usr/local/share/gems/gems/rspec-puppet-0.1.6/lib/rspec-puppet/support.rb:30:in `build_catalog'
     # /usr/local/share/gems/gems/rspec-puppet-0.1.6/lib/rspec-puppet/example/class_example_group.rb:59:in `catalogue'
     # /usr/local/share/gems/gems/rspec-puppet-0.1.6/lib/rspec-puppet/example/class_example_group.rb:7:in `subject'
     # /usr/local/share/gems/gems/rspec-core-2.14.2/lib/rspec/core/memoized_helpers.rb:68:in `should'
     # ./spec/classes/polipo_spec.rb:19:in `block (4 levels) in <top (required)>'
     # /usr/local/share/gems/gems/rspec-core-2.14.2/lib/rspec/core/example.rb:114:in `instance_eval'
     # /usr/local/share/gems/gems/rspec-core-2.14.2/lib/rspec/core/example.rb:114:in `block in run'
     # /usr/local/share/gems/gems/rspec-core-2.14.2/lib/rspec/core/example.rb:254:in `with_around_each_hooks'
     # /usr/local/share/gems/gems/rspec-core-2.14.2/lib/rspec/core/example.rb:111:in `run'
     # /usr/local/share/gems/gems/rspec-core-2.14.2/lib/rspec/core/example_group.rb:400:in `block in run_examples'
     # /usr/local/share/gems/gems/rspec-core-2.14.2/lib/rspec/core/example_group.rb:396:in `map'
     # /usr/local/share/gems/gems/rspec-core-2.14.2/lib/rspec/core/example_group.rb:396:in `run_examples'
     # /usr/local/share/gems/gems/rspec-core-2.14.2/lib/rspec/core/example_group.rb:381:in `run'
     # /usr/local/share/gems/gems/rspec-core-2.14.2/lib/rspec/core/example_group.rb:382:in `block in run'
     # /usr/local/share/gems/gems/rspec-core-2.14.2/lib/rspec/core/example_group.rb:382:in `map'
     # /usr/local/share/gems/gems/rspec-core-2.14.2/lib/rspec/core/example_group.rb:382:in `run'
     # /usr/local/share/gems/gems/rspec-core-2.14.2/lib/rspec/core/command_line.rb:28:in `block (2 levels) in run'
     # /usr/local/share/gems/gems/rspec-core-2.14.2/lib/rspec/core/command_line.rb:28:in `map'
     # /usr/local/share/gems/gems/rspec-core-2.14.2/lib/rspec/core/command_line.rb:28:in `block in run'
     # /usr/local/share/gems/gems/rspec-core-2.14.2/lib/rspec/core/reporter.rb:58:in `report'
     # /usr/local/share/gems/gems/rspec-core-2.14.2/lib/rspec/core/command_line.rb:25:in `run'
     # /usr/local/share/gems/gems/rspec-core-2.14.2/lib/rspec/core/runner.rb:80:in `run'
     # /usr/local/share/gems/gems/rspec-core-2.14.2/lib/rspec/core/runner.rb:17:in `block in autorun'

Finished in 1.22 seconds
10 examples, 10 failures

Failed examples:

rspec ./spec/classes/polipo_spec.rb:11 # polipo class without any parameters on Debian 
rspec ./spec/classes/polipo_spec.rb:12 # polipo class without any parameters on Debian 
rspec ./spec/classes/polipo_spec.rb:13 # polipo class without any parameters on Debian 
rspec ./spec/classes/polipo_spec.rb:14 # polipo class without any parameters on Debian 
rspec ./spec/classes/polipo_spec.rb:21 # polipo class without any parameters on Debian 
rspec ./spec/classes/polipo_spec.rb:11 # polipo class without any parameters on RedHat 
rspec ./spec/classes/polipo_spec.rb:12 # polipo class without any parameters on RedHat 
rspec ./spec/classes/polipo_spec.rb:13 # polipo class without any parameters on RedHat 
rspec ./spec/classes/polipo_spec.rb:14 # polipo class without any parameters on RedHat 
rspec ./spec/classes/polipo_spec.rb:19 # polipo class without any parameters on RedHat 
